{"meta": {"format": 3, "version": "7.8.0", "timestamp": "2025-05-02T17:18:02.869725", "branch_coverage": false, "show_contexts": false}, "files": {"src/augment_adam/__init__.py": {"executed_lines": [1, 18, 19], "summary": {"covered_lines": 2, "num_statements": 2, "percent_covered": 100.0, "percent_covered_display": "100", "missing_lines": 0, "excluded_lines": 0}, "missing_lines": [], "excluded_lines": [], "functions": {"": {"executed_lines": [1, 18, 19], "summary": {"covered_lines": 2, "num_statements": 2, "percent_covered": 100.0, "percent_covered_display": "100", "missing_lines": 0, "excluded_lines": 0}, "missing_lines": [], "excluded_lines": []}}, "classes": {"": {"executed_lines": [1, 18, 19], "summary": {"covered_lines": 2, "num_statements": 2, "percent_covered": 100.0, "percent_covered_display": "100", "missing_lines": 0, "excluded_lines": 0}, "missing_lines": [], "excluded_lines": []}}}, "src/augment_adam/ai_agent/__init__.py": {"executed_lines": [], "summary": {"covered_lines": 0, "num_statements": 0, "percent_covered": 100.0, "percent_covered_display": "100", "missing_lines": 0, "excluded_lines": 0}, "missing_lines": [], "excluded_lines": [], "functions": {"": {"executed_lines": [], "summary": {"covered_lines": 0, "num_statements": 0, "percent_covered": 100.0, "percent_covered_display": "100", "missing_lines": 0, "excluded_lines": 0}, "missing_lines": [], "excluded_lines": []}}, "classes": {"": {"executed_lines": [], "summary": {"covered_lines": 0, "num_statements": 0, "percent_covered": 100.0, "percent_covered_display": "100", "missing_lines": 0, "excluded_lines": 0}, "missing_lines": [], "excluded_lines": []}}}, "src/augment_adam/ai_agent/coordination/__init__.py": {"executed_lines": [], "summary": {"covered_lines": 0, "num_statements": 7, "percent_covered": 0.0, "percent_covered_display": "0", "missing_lines": 7, "excluded_lines": 0}, "missing_lines": [13, 19, 29, 40, 47, 54, 59], "excluded_lines": [], "functions": {"": {"executed_lines": [], "summary": {"covered_lines": 0, "num_statements": 7, "percent_covered": 0.0, "percent_covered_display": "0", "missing_lines": 7, "excluded_lines": 0}, "missing_lines": [13, 19, 29, 40, 47, 54, 59], "excluded_lines": []}}, "classes": {"": {"executed_lines": [], "summary": {"covered_lines": 0, "num_statements": 7, "percent_covered": 0.0, "percent_covered_display": "0", "missing_lines": 7, "excluded_lines": 0}, "missing_lines": [13, 19, 29, 40, 47, 54, 59], "excluded_lines": []}}}, "src/augment_adam/ai_agent/coordination/aggregation.py": {"executed_lines": [], "summary": {"covered_lines": 0, "num_statements": 125, "percent_covered": 0.0, "percent_covered_display": "0", "missing_lines": 125, "excluded_lines": 1}, "missing_lines": [7, 8, 10, 11, 14, 15, 30, 37, 38, 40, 41, 53, 61, 63, 74, 77, 78, 94, 102, 103, 104, 106, 117, 118, 126, 127, 130, 132, 133, 134, 137, 139, 141, 142, 143, 146, 148, 150, 153, 154, 157, 158, 159, 160, 161, 162, 164, 167, 177, 180, 181, 198, 212, 213, 214, 215, 216, 218, 226, 227, 229, 239, 241, 252, 253, 261, 262, 265, 268, 269, 272, 273, 276, 277, 278, 281, 284, 286, 289, 300, 302, 308, 319, 321, 322, 323, 324, 331, 344, 347, 360, 361, 377, 385, 386, 387, 389, 400, 401, 409, 410, 413, 416, 417, 420, 421, 423, 424, 426, 428, 429, 434, 435, 438, 440, 441, 443, 444, 457, 459, 461, 462, 463, 465, 479], "excluded_lines": [51], "functions": {"ResultAggregator.__init__": {"executed_lines": [], "summary": {"covered_lines": 0, "num_statements": 2, "percent_covered": 0.0, "percent_covered_display": "0", "missing_lines": 2, "excluded_lines": 0}, "missing_lines": [37, 38], "excluded_lines": []}, "ResultAggregator.aggregate": {"executed_lines": [], "summary": {"covered_lines": 0, "num_statements": 0, "percent_covered": 100.0, "percent_covered_display": "100", "missing_lines": 0, "excluded_lines": 1}, "missing_lines": [], "excluded_lines": [51]}, "ResultAggregator.set_metadata": {"executed_lines": [], "summary": {"covered_lines": 0, "num_statements": 1, "percent_covered": 0.0, "percent_covered_display": "0", "missing_lines": 1, "excluded_lines": 0}, "missing_lines": [61], "excluded_lines": []}, "ResultAggregator.get_metadata": {"executed_lines": [], "summary": {"covered_lines": 0, "num_statements": 1, "percent_covered": 0.0, "percent_covered_display": "0", "missing_lines": 1, "excluded_lines": 0}, "missing_lines": [74], "excluded_lines": []}, "SimpleAggregator.__init__": {"executed_lines": [], "summary": {"covered_lines": 0, "num_statements": 3, "percent_covered": 0.0, "percent_covered_display": "0", "missing_lines": 3, "excluded_lines": 0}, "missing_lines": [102, 103, 104], "excluded_lines": []}, "SimpleAggregator.aggregate": {"executed_lines": [], "summary": {"covered_lines": 0, "num_statements": 27, "percent_covered": 0.0, "percent_covered_display": "0", "missing_lines": 27, "excluded_lines": 0}, "missing_lines": [117, 118, 126, 127, 130, 132, 133, 134, 137, 139, 141, 142, 143, 146, 148, 150, 153, 154, 157, 158, 159, 160, 161, 162, 164, 167, 177], "excluded_lines": []}, "WeightedAggregator.__init__": {"executed_lines": [], "summary": {"covered_lines": 0, "num_statements": 5, "percent_covered": 0.0, "percent_covered_display": "0", "missing_lines": 5, "excluded_lines": 0}, "missing_lines": [212, 213, 214, 215, 216], "excluded_lines": []}, "WeightedAggregator.set_weight": {"executed_lines": [], "summary": {"covered_lines": 0, "num_statements": 2, "percent_covered": 0.0, "percent_covered_display": "0", "missing_lines": 2, "excluded_lines": 0}, "missing_lines": [226, 227], "excluded_lines": []}, "WeightedAggregator.get_weight": {"executed_lines": [], "summary": {"covered_lines": 0, "num_statements": 1, "percent_covered": 0.0, "percent_covered_display": "0", "missing_lines": 1, "excluded_lines": 0}, "missing_lines": [239], "excluded_lines": []}, "WeightedAggregator.aggregate": {"executed_lines": [], "summary": {"covered_lines": 0, "num_statements": 27, "percent_covered": 0.0, "percent_covered_display": "0", "missing_lines": 27, "excluded_lines": 0}, "missing_lines": [252, 253, 261, 262, 265, 268, 269, 272, 273, 276, 277, 278, 281, 284, 286, 289, 300, 302, 308, 319, 321, 322, 323, 324, 331, 344, 347], "excluded_lines": []}, "VotingAggregator.__init__": {"executed_lines": [], "summary": {"covered_lines": 0, "num_statements": 3, "percent_covered": 0.0, "percent_covered_display": "0", "missing_lines": 3, "excluded_lines": 0}, "missing_lines": [385, 386, 387], "excluded_lines": []}, "VotingAggregator.aggregate": {"executed_lines": [], "summary": {"covered_lines": 0, "num_statements": 28, "percent_covered": 0.0, "percent_covered_display": "0", "missing_lines": 28, "excluded_lines": 0}, "missing_lines": [400, 401, 409, 410, 413, 416, 417, 420, 421, 423, 424, 426, 428, 429, 434, 435, 438, 440, 441, 443, 444, 457, 459, 461, 462, 463, 465, 479], "excluded_lines": []}, "": {"executed_lines": [], "summary": {"covered_lines": 0, "num_statements": 25, "percent_covered": 0.0, "percent_covered_display": "0", "missing_lines": 25, "excluded_lines": 0}, "missing_lines": [7, 8, 10, 11, 14, 15, 30, 40, 41, 53, 63, 77, 78, 94, 106, 180, 181, 198, 218, 229, 241, 360, 361, 377, 389], "excluded_lines": []}}, "classes": {"ResultAggregator": {"executed_lines": [], "summary": {"covered_lines": 0, "num_statements": 4, "percent_covered": 0.0, "percent_covered_display": "0", "missing_lines": 4, "excluded_lines": 1}, "missing_lines": [37, 38, 61, 74], "excluded_lines": [51]}, "SimpleAggregator": {"executed_lines": [], "summary": {"covered_lines": 0, "num_statements": 30, "percent_covered": 0.0, "percent_covered_display": "0", "missing_lines": 30, "excluded_lines": 0}, "missing_lines": [102, 103, 104, 117, 118, 126, 127, 130, 132, 133, 134, 137, 139, 141, 142, 143, 146, 148, 150, 153, 154, 157, 158, 159, 160, 161, 162, 164, 167, 177], "excluded_lines": []}, "WeightedAggregator": {"executed_lines": [], "summary": {"covered_lines": 0, "num_statements": 35, "percent_covered": 0.0, "percent_covered_display": "0", "missing_lines": 35, "excluded_lines": 0}, "missing_lines": [212, 213, 214, 215, 216, 226, 227, 239, 252, 253, 261, 262, 265, 268, 269, 272, 273, 276, 277, 278, 281, 284, 286, 289, 300, 302, 308, 319, 321, 322, 323, 324, 331, 344, 347], "excluded_lines": []}, "VotingAggregator": {"executed_lines": [], "summary": {"covered_lines": 0, "num_statements": 31, "percent_covered": 0.0, "percent_covered_display": "0", "missing_lines": 31, "excluded_lines": 0}, "missing_lines": [385, 386, 387, 400, 401, 409, 410, 413, 416, 417, 420, 421, 423, 424, 426, 428, 429, 434, 435, 438, 440, 441, 443, 444, 457, 459, 461, 462, 463, 465, 479], "excluded_lines": []}, "": {"executed_lines": [], "summary": {"covered_lines": 0, "num_statements": 25, "percent_covered": 0.0, "percent_covered_display": "0", "missing_lines": 25, "excluded_lines": 0}, "missing_lines": [7, 8, 10, 11, 14, 15, 30, 40, 41, 53, 63, 77, 78, 94, 106, 180, 181, 198, 218, 229, 241, 360, 361, 377, 389], "excluded_lines": []}}}, "src/augment_adam/ai_agent/coordination/communication.py": {"executed_lines": [], "summary": {"covered_lines": 0, "num_statements": 222, "percent_covered": 0.0, "percent_covered_display": "0", "missing_lines": 222, "excluded_lines": 3}, "missing_lines": [7, 8, 9, 10, 11, 12, 13, 15, 16, 19, 27, 28, 29, 30, 31, 32, 33, 36, 44, 45, 46, 47, 50, 51, 74, 75, 76, 77, 78, 79, 80, 81, 82, 83, 85, 92, 93, 95, 97, 104, 106, 113, 126, 127, 138, 139, 140, 141, 142, 143, 146, 147, 148, 149, 150, 151, 153, 167, 168, 183, 190, 191, 193, 205, 218, 230, 238, 240, 251, 254, 255, 271, 278, 279, 280, 282, 292, 293, 294, 296, 298, 309, 310, 313, 314, 317, 320, 321, 323, 325, 337, 339, 341, 342, 345, 346, 348, 349, 350, 352, 363, 365, 368, 369, 386, 394, 395, 396, 397, 399, 409, 410, 411, 413, 415, 426, 427, 430, 431, 432, 433, 434, 437, 438, 440, 441, 444, 447, 448, 449, 451, 453, 465, 467, 469, 470, 473, 474, 476, 477, 478, 480, 491, 493, 496, 497, 514, 521, 522, 523, 524, 525, 527, 537, 538, 539, 541, 543, 553, 554, 555, 557, 559, 570, 571, 572, 574, 575, 577, 588, 589, 590, 592, 593, 595, 596, 598, 608, 609, 611, 621, 622, 623, 624, 625, 627, 629, 641, 642, 645, 648, 651, 652, 655, 656, 658, 659, 662, 665, 666, 667, 669, 671, 682, 683, 686, 687, 688, 691, 693, 705, 707, 709, 710, 713, 714, 716, 717, 718, 720, 731, 733], "excluded_lines": [203, 216, 228], "functions": {"AgentMessage.is_expired": {"executed_lines": [], "summary": {"covered_lines": 0, "num_statements": 3, "percent_covered": 0.0, "percent_covered_display": "0", "missing_lines": 3, "excluded_lines": 0}, "missing_lines": [92, 93, 95], "excluded_lines": []}, "AgentMessage.is_broadcast": {"executed_lines": [], "summary": {"covered_lines": 0, "num_statements": 1, "percent_covered": 0.0, "percent_covered_display": "0", "missing_lines": 1, "excluded_lines": 0}, "missing_lines": [104], "excluded_lines": []}, "AgentMessage.to_dict": {"executed_lines": [], "summary": {"covered_lines": 0, "num_statements": 1, "percent_covered": 0.0, "percent_covered_display": "0", "missing_lines": 1, "excluded_lines": 0}, "missing_lines": [113], "excluded_lines": []}, "AgentMessage.from_dict": {"executed_lines": [], "summary": {"covered_lines": 0, "num_statements": 13, "percent_covered": 0.0, "percent_covered_display": "0", "missing_lines": 13, "excluded_lines": 0}, "missing_lines": [138, 139, 140, 141, 142, 143, 146, 147, 148, 149, 150, 151, 153], "excluded_lines": []}, "AgentCommunicationChannel.__init__": {"executed_lines": [], "summary": {"covered_lines": 0, "num_statements": 2, "percent_covered": 0.0, "percent_covered_display": "0", "missing_lines": 2, "excluded_lines": 0}, "missing_lines": [190, 191], "excluded_lines": []}, "AgentCommunicationChannel.send_message": {"executed_lines": [], "summary": {"covered_lines": 0, "num_statements": 0, "percent_covered": 100.0, "percent_covered_display": "100", "missing_lines": 0, "excluded_lines": 1}, "missing_lines": [], "excluded_lines": [203]}, "AgentCommunicationChannel.receive_message": {"executed_lines": [], "summary": {"covered_lines": 0, "num_statements": 0, "percent_covered": 100.0, "percent_covered_display": "100", "missing_lines": 0, "excluded_lines": 1}, "missing_lines": [], "excluded_lines": [216]}, "AgentCommunicationChannel.has_messages": {"executed_lines": [], "summary": {"covered_lines": 0, "num_statements": 0, "percent_covered": 100.0, "percent_covered_display": "100", "missing_lines": 0, "excluded_lines": 1}, "missing_lines": [], "excluded_lines": [228]}, "AgentCommunicationChannel.set_metadata": {"executed_lines": [], "summary": {"covered_lines": 0, "num_statements": 1, "percent_covered": 0.0, "percent_covered_display": "0", "missing_lines": 1, "excluded_lines": 0}, "missing_lines": [238], "excluded_lines": []}, "AgentCommunicationChannel.get_metadata": {"executed_lines": [], "summary": {"covered_lines": 0, "num_statements": 1, "percent_covered": 0.0, "percent_covered_display": "0", "missing_lines": 1, "excluded_lines": 0}, "missing_lines": [251], "excluded_lines": []}, "DirectCommunicationChannel.__init__": {"executed_lines": [], "summary": {"covered_lines": 0, "num_statements": 3, "percent_covered": 0.0, "percent_covered_display": "0", "missing_lines": 3, "excluded_lines": 0}, "missing_lines": [278, 279, 280], "excluded_lines": []}, "DirectCommunicationChannel._get_queue": {"executed_lines": [], "summary": {"covered_lines": 0, "num_statements": 4, "percent_covered": 0.0, "percent_covered_display": "0", "missing_lines": 4, "excluded_lines": 0}, "missing_lines": [292, 293, 294, 296], "excluded_lines": []}, "DirectCommunicationChannel.send_message": {"executed_lines": [], "summary": {"covered_lines": 0, "num_statements": 8, "percent_covered": 0.0, "percent_covered_display": "0", "missing_lines": 8, "excluded_lines": 0}, "missing_lines": [309, 310, 313, 314, 317, 320, 321, 323], "excluded_lines": []}, "DirectCommunicationChannel.receive_message": {"executed_lines": [], "summary": {"covered_lines": 0, "num_statements": 9, "percent_covered": 0.0, "percent_covered_display": "0", "missing_lines": 9, "excluded_lines": 0}, "missing_lines": [337, 339, 341, 342, 345, 346, 348, 349, 350], "excluded_lines": []}, "DirectCommunicationChannel.has_messages": {"executed_lines": [], "summary": {"covered_lines": 0, "num_statements": 2, "percent_covered": 0.0, "percent_covered_display": "0", "missing_lines": 2, "excluded_lines": 0}, "missing_lines": [363, 365], "excluded_lines": []}, "BroadcastCommunicationChannel.__init__": {"executed_lines": [], "summary": {"covered_lines": 0, "num_statements": 4, "percent_covered": 0.0, "percent_covered_display": "0", "missing_lines": 4, "excluded_lines": 0}, "missing_lines": [394, 395, 396, 397], "excluded_lines": []}, "BroadcastCommunicationChannel._get_queue": {"executed_lines": [], "summary": {"covered_lines": 0, "num_statements": 4, "percent_covered": 0.0, "percent_covered_display": "0", "missing_lines": 4, "excluded_lines": 0}, "missing_lines": [409, 410, 411, 413], "excluded_lines": []}, "BroadcastCommunicationChannel.send_message": {"executed_lines": [], "summary": {"covered_lines": 0, "num_statements": 16, "percent_covered": 0.0, "percent_covered_display": "0", "missing_lines": 16, "excluded_lines": 0}, "missing_lines": [426, 427, 430, 431, 432, 433, 434, 437, 438, 440, 441, 444, 447, 448, 449, 451], "excluded_lines": []}, "BroadcastCommunicationChannel.receive_message": {"executed_lines": [], "summary": {"covered_lines": 0, "num_statements": 9, "percent_covered": 0.0, "percent_covered_display": "0", "missing_lines": 9, "excluded_lines": 0}, "missing_lines": [465, 467, 469, 470, 473, 474, 476, 477, 478], "excluded_lines": []}, "BroadcastCommunicationChannel.has_messages": {"executed_lines": [], "summary": {"covered_lines": 0, "num_statements": 2, "percent_covered": 0.0, "percent_covered_display": "0", "missing_lines": 2, "excluded_lines": 0}, "missing_lines": [491, 493], "excluded_lines": []}, "TopicCommunicationChannel.__init__": {"executed_lines": [], "summary": {"covered_lines": 0, "num_statements": 5, "percent_covered": 0.0, "percent_covered_display": "0", "missing_lines": 5, "excluded_lines": 0}, "missing_lines": [521, 522, 523, 524, 525], "excluded_lines": []}, "TopicCommunicationChannel._get_topic_queue": {"executed_lines": [], "summary": {"covered_lines": 0, "num_statements": 4, "percent_covered": 0.0, "percent_covered_display": "0", "missing_lines": 4, "excluded_lines": 0}, "missing_lines": [537, 538, 539, 541], "excluded_lines": []}, "TopicCommunicationChannel._get_agent_queue": {"executed_lines": [], "summary": {"covered_lines": 0, "num_statements": 4, "percent_covered": 0.0, "percent_covered_display": "0", "missing_lines": 4, "excluded_lines": 0}, "missing_lines": [553, 554, 555, 557], "excluded_lines": []}, "TopicCommunicationChannel.subscribe": {"executed_lines": [], "summary": {"covered_lines": 0, "num_statements": 5, "percent_covered": 0.0, "percent_covered_display": "0", "missing_lines": 5, "excluded_lines": 0}, "missing_lines": [570, 571, 572, 574, 575], "excluded_lines": []}, "TopicCommunicationChannel.unsubscribe": {"executed_lines": [], "summary": {"covered_lines": 0, "num_statements": 7, "percent_covered": 0.0, "percent_covered_display": "0", "missing_lines": 7, "excluded_lines": 0}, "missing_lines": [588, 589, 590, 592, 593, 595, 596], "excluded_lines": []}, "TopicCommunicationChannel.get_subscriptions": {"executed_lines": [], "summary": {"covered_lines": 0, "num_statements": 2, "percent_covered": 0.0, "percent_covered_display": "0", "missing_lines": 2, "excluded_lines": 0}, "missing_lines": [608, 609], "excluded_lines": []}, "TopicCommunicationChannel.get_subscribers": {"executed_lines": [], "summary": {"covered_lines": 0, "num_statements": 6, "percent_covered": 0.0, "percent_covered_display": "0", "missing_lines": 6, "excluded_lines": 0}, "missing_lines": [621, 622, 623, 624, 625, 627], "excluded_lines": []}, "TopicCommunicationChannel.publish": {"executed_lines": [], "summary": {"covered_lines": 0, "num_statements": 15, "percent_covered": 0.0, "percent_covered_display": "0", "missing_lines": 15, "excluded_lines": 0}, "missing_lines": [641, 642, 645, 648, 651, 652, 655, 656, 658, 659, 662, 665, 666, 667, 669], "excluded_lines": []}, "TopicCommunicationChannel.send_message": {"executed_lines": [], "summary": {"covered_lines": 0, "num_statements": 6, "percent_covered": 0.0, "percent_covered_display": "0", "missing_lines": 6, "excluded_lines": 0}, "missing_lines": [682, 683, 686, 687, 688, 691], "excluded_lines": []}, "TopicCommunicationChannel.receive_message": {"executed_lines": [], "summary": {"covered_lines": 0, "num_statements": 9, "percent_covered": 0.0, "percent_covered_display": "0", "missing_lines": 9, "excluded_lines": 0}, "missing_lines": [705, 707, 709, 710, 713, 714, 716, 717, 718], "excluded_lines": []}, "TopicCommunicationChannel.has_messages": {"executed_lines": [], "summary": {"covered_lines": 0, "num_statements": 2, "percent_covered": 0.0, "percent_covered_display": "0", "missing_lines": 2, "excluded_lines": 0}, "missing_lines": [731, 733], "excluded_lines": []}, "": {"executed_lines": [], "summary": {"covered_lines": 0, "num_statements": 74, "percent_covered": 0.0, "percent_covered_display": "0", "missing_lines": 74, "excluded_lines": 0}, "missing_lines": [7, 8, 9, 10, 11, 12, 13, 15, 16, 19, 27, 28, 29, 30, 31, 32, 33, 36, 44, 45, 46, 47, 50, 51, 74, 75, 76, 77, 78, 79, 80, 81, 82, 83, 85, 97, 106, 126, 127, 167, 168, 183, 193, 205, 218, 230, 240, 254, 255, 271, 282, 298, 325, 352, 368, 369, 386, 399, 415, 453, 480, 496, 497, 514, 527, 543, 559, 577, 598, 611, 629, 671, 693, 720], "excluded_lines": []}}, "classes": {"MessageType": {"executed_lines": [], "summary": {"covered_lines": 0, "num_statements": 0, "percent_covered": 100.0, "percent_covered_display": "100", "missing_lines": 0, "excluded_lines": 0}, "missing_lines": [], "excluded_lines": []}, "MessagePriority": {"executed_lines": [], "summary": {"covered_lines": 0, "num_statements": 0, "percent_covered": 100.0, "percent_covered_display": "100", "missing_lines": 0, "excluded_lines": 0}, "missing_lines": [], "excluded_lines": []}, "AgentMessage": {"executed_lines": [], "summary": {"covered_lines": 0, "num_statements": 18, "percent_covered": 0.0, "percent_covered_display": "0", "missing_lines": 18, "excluded_lines": 0}, "missing_lines": [92, 93, 95, 104, 113, 138, 139, 140, 141, 142, 143, 146, 147, 148, 149, 150, 151, 153], "excluded_lines": []}, "AgentCommunicationChannel": {"executed_lines": [], "summary": {"covered_lines": 0, "num_statements": 4, "percent_covered": 0.0, "percent_covered_display": "0", "missing_lines": 4, "excluded_lines": 3}, "missing_lines": [190, 191, 238, 251], "excluded_lines": [203, 216, 228]}, "DirectCommunicationChannel": {"executed_lines": [], "summary": {"covered_lines": 0, "num_statements": 26, "percent_covered": 0.0, "percent_covered_display": "0", "missing_lines": 26, "excluded_lines": 0}, "missing_lines": [278, 279, 280, 292, 293, 294, 296, 309, 310, 313, 314, 317, 320, 321, 323, 337, 339, 341, 342, 345, 346, 348, 349, 350, 363, 365], "excluded_lines": []}, "BroadcastCommunicationChannel": {"executed_lines": [], "summary": {"covered_lines": 0, "num_statements": 35, "percent_covered": 0.0, "percent_covered_display": "0", "missing_lines": 35, "excluded_lines": 0}, "missing_lines": [394, 395, 396, 397, 409, 410, 411, 413, 426, 427, 430, 431, 432, 433, 434, 437, 438, 440, 441, 444, 447, 448, 449, 451, 465, 467, 469, 470, 473, 474, 476, 477, 478, 491, 493], "excluded_lines": []}, "TopicCommunicationChannel": {"executed_lines": [], "summary": {"covered_lines": 0, "num_statements": 65, "percent_covered": 0.0, "percent_covered_display": "0", "missing_lines": 65, "excluded_lines": 0}, "missing_lines": [521, 522, 523, 524, 525, 537, 538, 539, 541, 553, 554, 555, 557, 570, 571, 572, 574, 575, 588, 589, 590, 592, 593, 595, 596, 608, 609, 621, 622, 623, 624, 625, 627, 641, 642, 645, 648, 651, 652, 655, 656, 658, 659, 662, 665, 666, 667, 669, 682, 683, 686, 687, 688, 691, 705, 707, 709, 710, 713, 714, 716, 717, 718, 731, 733], "excluded_lines": []}, "": {"executed_lines": [], "summary": {"covered_lines": 0, "num_statements": 74, "percent_covered": 0.0, "percent_covered_display": "0", "missing_lines": 74, "excluded_lines": 0}, "missing_lines": [7, 8, 9, 10, 11, 12, 13, 15, 16, 19, 27, 28, 29, 30, 31, 32, 33, 36, 44, 45, 46, 47, 50, 51, 74, 75, 76, 77, 78, 79, 80, 81, 82, 83, 85, 97, 106, 126, 127, 167, 168, 183, 193, 205, 218, 230, 240, 254, 255, 271, 282, 298, 325, 352, 368, 369, 386, 399, 415, 453, 480, 496, 497, 514, 527, 543, 559, 577, 598, 611, 629, 671, 693, 720], "excluded_lines": []}}}, "src/augment_adam/ai_agent/coordination/coordinator.py": {"executed_lines": [], "summary": {"covered_lines": 0, "num_statements": 169, "percent_covered": 0.0, "percent_covered_display": "0", "missing_lines": 169, "excluded_lines": 0}, "missing_lines": [8, 9, 10, 11, 12, 13, 15, 16, 19, 23, 27, 30, 35, 36, 58, 66, 67, 68, 69, 70, 71, 72, 73, 74, 77, 79, 82, 83, 84, 87, 88, 89, 92, 93, 94, 97, 98, 99, 101, 108, 110, 120, 121, 122, 123, 125, 135, 137, 144, 146, 156, 157, 158, 159, 161, 171, 173, 180, 182, 192, 193, 194, 195, 197, 207, 209, 216, 218, 228, 229, 230, 231, 233, 243, 245, 275, 288, 291, 292, 293, 294, 296, 298, 308, 310, 320, 322, 332, 334, 344, 346, 356, 357, 358, 360, 362, 373, 374, 377, 378, 379, 381, 383, 395, 396, 397, 400, 401, 402, 405, 407, 409, 433, 434, 435, 438, 439, 440, 443, 453, 455, 471, 472, 473, 476, 477, 478, 481, 482, 484, 487, 490, 491, 492, 494, 496, 512, 513, 515, 518, 520, 540, 541, 542, 545, 546, 547, 550, 551, 552, 555, 556, 557, 559, 562, 563, 571, 574, 577, 579, 581, 589, 591, 602, 606, 608, 616, 617, 618], "excluded_lines": [], "functions": {"AgentCoordinator.__init__": {"executed_lines": [], "summary": {"covered_lines": 0, "num_statements": 10, "percent_covered": 0.0, "percent_covered_display": "0", "missing_lines": 10, "excluded_lines": 0}, "missing_lines": [66, 67, 68, 69, 70, 71, 72, 73, 74, 77], "excluded_lines": []}, "AgentCoordinator._init_default_components": {"executed_lines": [], "summary": {"covered_lines": 0, "num_statements": 12, "percent_covered": 0.0, "percent_covered_display": "0", "missing_lines": 12, "excluded_lines": 0}, "missing_lines": [82, 83, 84, 87, 88, 89, 92, 93, 94, 97, 98, 99], "excluded_lines": []}, "AgentCoordinator.register_channel": {"executed_lines": [], "summary": {"covered_lines": 0, "num_statements": 1, "percent_covered": 0.0, "percent_covered_display": "0", "missing_lines": 1, "excluded_lines": 0}, "missing_lines": [108], "excluded_lines": []}, "AgentCoordinator.unregister_channel": {"executed_lines": [], "summary": {"covered_lines": 0, "num_statements": 4, "percent_covered": 0.0, "percent_covered_display": "0", "missing_lines": 4, "excluded_lines": 0}, "missing_lines": [120, 121, 122, 123], "excluded_lines": []}, "AgentCoordinator.get_channel": {"executed_lines": [], "summary": {"covered_lines": 0, "num_statements": 1, "percent_covered": 0.0, "percent_covered_display": "0", "missing_lines": 1, "excluded_lines": 0}, "missing_lines": [135], "excluded_lines": []}, "AgentCoordinator.register_distributor": {"executed_lines": [], "summary": {"covered_lines": 0, "num_statements": 1, "percent_covered": 0.0, "percent_covered_display": "0", "missing_lines": 1, "excluded_lines": 0}, "missing_lines": [144], "excluded_lines": []}, "AgentCoordinator.unregister_distributor": {"executed_lines": [], "summary": {"covered_lines": 0, "num_statements": 4, "percent_covered": 0.0, "percent_covered_display": "0", "missing_lines": 4, "excluded_lines": 0}, "missing_lines": [156, 157, 158, 159], "excluded_lines": []}, "AgentCoordinator.get_distributor": {"executed_lines": [], "summary": {"covered_lines": 0, "num_statements": 1, "percent_covered": 0.0, "percent_covered_display": "0", "missing_lines": 1, "excluded_lines": 0}, "missing_lines": [171], "excluded_lines": []}, "AgentCoordinator.register_aggregator": {"executed_lines": [], "summary": {"covered_lines": 0, "num_statements": 1, "percent_covered": 0.0, "percent_covered_display": "0", "missing_lines": 1, "excluded_lines": 0}, "missing_lines": [180], "excluded_lines": []}, "AgentCoordinator.unregister_aggregator": {"executed_lines": [], "summary": {"covered_lines": 0, "num_statements": 4, "percent_covered": 0.0, "percent_covered_display": "0", "missing_lines": 4, "excluded_lines": 0}, "missing_lines": [192, 193, 194, 195], "excluded_lines": []}, "AgentCoordinator.get_aggregator": {"executed_lines": [], "summary": {"covered_lines": 0, "num_statements": 1, "percent_covered": 0.0, "percent_covered_display": "0", "missing_lines": 1, "excluded_lines": 0}, "missing_lines": [207], "excluded_lines": []}, "AgentCoordinator.register_pattern": {"executed_lines": [], "summary": {"covered_lines": 0, "num_statements": 1, "percent_covered": 0.0, "percent_covered_display": "0", "missing_lines": 1, "excluded_lines": 0}, "missing_lines": [216], "excluded_lines": []}, "AgentCoordinator.unregister_pattern": {"executed_lines": [], "summary": {"covered_lines": 0, "num_statements": 4, "percent_covered": 0.0, "percent_covered_display": "0", "missing_lines": 4, "excluded_lines": 0}, "missing_lines": [228, 229, 230, 231], "excluded_lines": []}, "AgentCoordinator.get_pattern": {"executed_lines": [], "summary": {"covered_lines": 0, "num_statements": 1, "percent_covered": 0.0, "percent_covered_display": "0", "missing_lines": 1, "excluded_lines": 0}, "missing_lines": [243], "excluded_lines": []}, "AgentCoordinator.create_task": {"executed_lines": [], "summary": {"covered_lines": 0, "num_statements": 7, "percent_covered": 0.0, "percent_covered_display": "0", "missing_lines": 7, "excluded_lines": 0}, "missing_lines": [275, 288, 291, 292, 293, 294, 296], "excluded_lines": []}, "AgentCoordinator.get_task": {"executed_lines": [], "summary": {"covered_lines": 0, "num_statements": 1, "percent_covered": 0.0, "percent_covered_display": "0", "missing_lines": 1, "excluded_lines": 0}, "missing_lines": [308], "excluded_lines": []}, "AgentCoordinator.get_tasks_by_status": {"executed_lines": [], "summary": {"covered_lines": 0, "num_statements": 1, "percent_covered": 0.0, "percent_covered_display": "0", "missing_lines": 1, "excluded_lines": 0}, "missing_lines": [320], "excluded_lines": []}, "AgentCoordinator.get_tasks_by_agent": {"executed_lines": [], "summary": {"covered_lines": 0, "num_statements": 1, "percent_covered": 0.0, "percent_covered_display": "0", "missing_lines": 1, "excluded_lines": 0}, "missing_lines": [332], "excluded_lines": []}, "AgentCoordinator.get_tasks_by_tag": {"executed_lines": [], "summary": {"covered_lines": 0, "num_statements": 1, "percent_covered": 0.0, "percent_covered_display": "0", "missing_lines": 1, "excluded_lines": 0}, "missing_lines": [344], "excluded_lines": []}, "AgentCoordinator.get_subtasks": {"executed_lines": [], "summary": {"covered_lines": 0, "num_statements": 4, "percent_covered": 0.0, "percent_covered_display": "0", "missing_lines": 4, "excluded_lines": 0}, "missing_lines": [356, 357, 358, 360], "excluded_lines": []}, "AgentCoordinator.get_task_result": {"executed_lines": [], "summary": {"covered_lines": 0, "num_statements": 6, "percent_covered": 0.0, "percent_covered_display": "0", "missing_lines": 6, "excluded_lines": 0}, "missing_lines": [373, 374, 377, 378, 379, 381], "excluded_lines": []}, "AgentCoordinator.distribute_task": {"executed_lines": [], "summary": {"covered_lines": 0, "num_statements": 8, "percent_covered": 0.0, "percent_covered_display": "0", "missing_lines": 8, "excluded_lines": 0}, "missing_lines": [395, 396, 397, 400, 401, 402, 405, 407], "excluded_lines": []}, "AgentCoordinator.send_task_message": {"executed_lines": [], "summary": {"covered_lines": 0, "num_statements": 8, "percent_covered": 0.0, "percent_covered_display": "0", "missing_lines": 8, "excluded_lines": 0}, "missing_lines": [433, 434, 435, 438, 439, 440, 443, 453], "excluded_lines": []}, "AgentCoordinator.receive_task_result": {"executed_lines": [], "summary": {"covered_lines": 0, "num_statements": 14, "percent_covered": 0.0, "percent_covered_display": "0", "missing_lines": 14, "excluded_lines": 0}, "missing_lines": [471, 472, 473, 476, 477, 478, 481, 482, 484, 487, 490, 491, 492, 494], "excluded_lines": []}, "AgentCoordinator.aggregate_results": {"executed_lines": [], "summary": {"covered_lines": 0, "num_statements": 4, "percent_covered": 0.0, "percent_covered_display": "0", "missing_lines": 4, "excluded_lines": 0}, "missing_lines": [512, 513, 515, 518], "excluded_lines": []}, "AgentCoordinator.coordinate_task": {"executed_lines": [], "summary": {"covered_lines": 0, "num_statements": 19, "percent_covered": 0.0, "percent_covered_display": "0", "missing_lines": 19, "excluded_lines": 0}, "missing_lines": [540, 541, 542, 545, 546, 547, 550, 551, 552, 555, 556, 557, 559, 562, 563, 571, 574, 577, 579], "excluded_lines": []}, "AgentCoordinator.set_metadata": {"executed_lines": [], "summary": {"covered_lines": 0, "num_statements": 1, "percent_covered": 0.0, "percent_covered_display": "0", "missing_lines": 1, "excluded_lines": 0}, "missing_lines": [589], "excluded_lines": []}, "AgentCoordinator.get_metadata": {"executed_lines": [], "summary": {"covered_lines": 0, "num_statements": 1, "percent_covered": 0.0, "percent_covered_display": "0", "missing_lines": 1, "excluded_lines": 0}, "missing_lines": [602], "excluded_lines": []}, "get_agent_coordinator": {"executed_lines": [], "summary": {"covered_lines": 0, "num_statements": 3, "percent_covered": 0.0, "percent_covered_display": "0", "missing_lines": 3, "excluded_lines": 0}, "missing_lines": [616, 617, 618], "excluded_lines": []}, "": {"executed_lines": [], "summary": {"covered_lines": 0, "num_statements": 44, "percent_covered": 0.0, "percent_covered_display": "0", "missing_lines": 44, "excluded_lines": 0}, "missing_lines": [8, 9, 10, 11, 12, 13, 15, 16, 19, 23, 27, 30, 35, 36, 58, 79, 101, 110, 125, 137, 146, 161, 173, 182, 197, 209, 218, 233, 245, 298, 310, 322, 334, 346, 362, 383, 409, 455, 496, 520, 581, 591, 606, 608], "excluded_lines": []}}, "classes": {"AgentCoordinator": {"executed_lines": [], "summary": {"covered_lines": 0, "num_statements": 122, "percent_covered": 0.0, "percent_covered_display": "0", "missing_lines": 122, "excluded_lines": 0}, "missing_lines": [66, 67, 68, 69, 70, 71, 72, 73, 74, 77, 82, 83, 84, 87, 88, 89, 92, 93, 94, 97, 98, 99, 108, 120, 121, 122, 123, 135, 144, 156, 157, 158, 159, 171, 180, 192, 193, 194, 195, 207, 216, 228, 229, 230, 231, 243, 275, 288, 291, 292, 293, 294, 296, 308, 320, 332, 344, 356, 357, 358, 360, 373, 374, 377, 378, 379, 381, 395, 396, 397, 400, 401, 402, 405, 407, 433, 434, 435, 438, 439, 440, 443, 453, 471, 472, 473, 476, 477, 478, 481, 482, 484, 487, 490, 491, 492, 494, 512, 513, 515, 518, 540, 541, 542, 545, 546, 547, 550, 551, 552, 555, 556, 557, 559, 562, 563, 571, 574, 577, 579, 589, 602], "excluded_lines": []}, "": {"executed_lines": [], "summary": {"covered_lines": 0, "num_statements": 47, "percent_covered": 0.0, "percent_covered_display": "0", "missing_lines": 47, "excluded_lines": 0}, "missing_lines": [8, 9, 10, 11, 12, 13, 15, 16, 19, 23, 27, 30, 35, 36, 58, 79, 101, 110, 125, 137, 146, 161, 173, 182, 197, 209, 218, 233, 245, 298, 310, 322, 334, 346, 362, 383, 409, 455, 496, 520, 581, 591, 606, 608, 616, 617, 618], "excluded_lines": []}}}, "src/augment_adam/ai_agent/coordination/patterns.py": {"executed_lines": [], "summary": {"covered_lines": 0, "num_statements": 172, "percent_covered": 0.0, "percent_covered_display": "0", "missing_lines": 172, "excluded_lines": 1}, "missing_lines": [8, 9, 11, 12, 13, 16, 19, 20, 36, 44, 45, 46, 48, 49, 63, 71, 73, 84, 87, 88, 106, 122, 123, 124, 125, 127, 134, 135, 137, 144, 146, 159, 160, 168, 169, 170, 173, 181, 184, 187, 188, 196, 199, 200, 202, 203, 204, 205, 208, 209, 212, 215, 226, 229, 232, 233, 241, 244, 245, 253, 255, 256, 259, 262, 263, 266, 274, 277, 278, 280, 283, 284, 287, 290, 301, 304, 307, 308, 316, 319, 320, 337, 351, 352, 353, 355, 368, 369, 377, 378, 379, 382, 390, 393, 396, 397, 405, 408, 411, 413, 425, 428, 429, 431, 432, 434, 437, 438, 441, 444, 445, 446, 449, 450, 452, 453, 454, 457, 458, 461, 476, 479, 480, 483, 484, 492, 493, 494, 497, 500, 501, 518, 532, 533, 534, 536, 549, 550, 558, 559, 560, 563, 571, 574, 577, 578, 586, 589, 591, 602, 605, 606, 607, 609, 612, 613, 616, 619, 620, 628, 629, 632, 635, 646, 649, 650, 652, 663, 666, 669, 670, 678], "excluded_lines": [61], "functions": {"CoordinationPattern.__init__": {"executed_lines": [], "summary": {"covered_lines": 0, "num_statements": 3, "percent_covered": 0.0, "percent_covered_display": "0", "missing_lines": 3, "excluded_lines": 0}, "missing_lines": [44, 45, 46], "excluded_lines": []}, "CoordinationPattern.coordinate": {"executed_lines": [], "summary": {"covered_lines": 0, "num_statements": 0, "percent_covered": 100.0, "percent_covered_display": "100", "missing_lines": 0, "excluded_lines": 1}, "missing_lines": [], "excluded_lines": [61]}, "CoordinationPattern.set_metadata": {"executed_lines": [], "summary": {"covered_lines": 0, "num_statements": 1, "percent_covered": 0.0, "percent_covered_display": "0", "missing_lines": 1, "excluded_lines": 0}, "missing_lines": [71], "excluded_lines": []}, "CoordinationPattern.get_metadata": {"executed_lines": [], "summary": {"covered_lines": 0, "num_statements": 1, "percent_covered": 0.0, "percent_covered_display": "0", "missing_lines": 1, "excluded_lines": 0}, "missing_lines": [84], "excluded_lines": []}, "HierarchicalPattern.__init__": {"executed_lines": [], "summary": {"covered_lines": 0, "num_statements": 4, "percent_covered": 0.0, "percent_covered_display": "0", "missing_lines": 4, "excluded_lines": 0}, "missing_lines": [122, 123, 124, 125], "excluded_lines": []}, "HierarchicalPattern.set_manager": {"executed_lines": [], "summary": {"covered_lines": 0, "num_statements": 2, "percent_covered": 0.0, "percent_covered_display": "0", "missing_lines": 2, "excluded_lines": 0}, "missing_lines": [134, 135], "excluded_lines": []}, "HierarchicalPattern.set_distributor": {"executed_lines": [], "summary": {"covered_lines": 0, "num_statements": 1, "percent_covered": 0.0, "percent_covered_display": "0", "missing_lines": 1, "excluded_lines": 0}, "missing_lines": [144], "excluded_lines": []}, "HierarchicalPattern.coordinate": {"executed_lines": [], "summary": {"covered_lines": 0, "num_statements": 48, "percent_covered": 0.0, "percent_covered_display": "0", "missing_lines": 48, "excluded_lines": 0}, "missing_lines": [159, 160, 168, 169, 170, 173, 181, 184, 187, 188, 196, 199, 200, 202, 203, 204, 205, 208, 209, 212, 215, 226, 229, 232, 233, 241, 244, 245, 253, 255, 256, 259, 262, 263, 266, 274, 277, 278, 280, 283, 284, 287, 290, 301, 304, 307, 308, 316], "excluded_lines": []}, "PeerToPeerPattern.__init__": {"executed_lines": [], "summary": {"covered_lines": 0, "num_statements": 3, "percent_covered": 0.0, "percent_covered_display": "0", "missing_lines": 3, "excluded_lines": 0}, "missing_lines": [351, 352, 353], "excluded_lines": []}, "PeerToPeerPattern.coordinate": {"executed_lines": [], "summary": {"covered_lines": 0, "num_statements": 43, "percent_covered": 0.0, "percent_covered_display": "0", "missing_lines": 43, "excluded_lines": 0}, "missing_lines": [368, 369, 377, 378, 379, 382, 390, 393, 396, 397, 405, 408, 411, 413, 425, 428, 429, 431, 432, 434, 437, 438, 441, 444, 445, 446, 449, 450, 452, 453, 454, 457, 458, 461, 476, 479, 480, 483, 484, 492, 493, 494, 497], "excluded_lines": []}, "MarketBasedPattern.__init__": {"executed_lines": [], "summary": {"covered_lines": 0, "num_statements": 3, "percent_covered": 0.0, "percent_covered_display": "0", "missing_lines": 3, "excluded_lines": 0}, "missing_lines": [532, 533, 534], "excluded_lines": []}, "MarketBasedPattern.coordinate": {"executed_lines": [], "summary": {"covered_lines": 0, "num_statements": 36, "percent_covered": 0.0, "percent_covered_display": "0", "missing_lines": 36, "excluded_lines": 0}, "missing_lines": [549, 550, 558, 559, 560, 563, 571, 574, 577, 578, 586, 589, 591, 602, 605, 606, 607, 609, 612, 613, 616, 619, 620, 628, 629, 632, 635, 646, 649, 650, 652, 663, 666, 669, 670, 678], "excluded_lines": []}, "": {"executed_lines": [], "summary": {"covered_lines": 0, "num_statements": 27, "percent_covered": 0.0, "percent_covered_display": "0", "missing_lines": 27, "excluded_lines": 0}, "missing_lines": [8, 9, 11, 12, 13, 16, 19, 20, 36, 48, 49, 63, 73, 87, 88, 106, 127, 137, 146, 319, 320, 337, 355, 500, 501, 518, 536], "excluded_lines": []}}, "classes": {"CoordinationPattern": {"executed_lines": [], "summary": {"covered_lines": 0, "num_statements": 5, "percent_covered": 0.0, "percent_covered_display": "0", "missing_lines": 5, "excluded_lines": 1}, "missing_lines": [44, 45, 46, 71, 84], "excluded_lines": [61]}, "HierarchicalPattern": {"executed_lines": [], "summary": {"covered_lines": 0, "num_statements": 55, "percent_covered": 0.0, "percent_covered_display": "0", "missing_lines": 55, "excluded_lines": 0}, "missing_lines": [122, 123, 124, 125, 134, 135, 144, 159, 160, 168, 169, 170, 173, 181, 184, 187, 188, 196, 199, 200, 202, 203, 204, 205, 208, 209, 212, 215, 226, 229, 232, 233, 241, 244, 245, 253, 255, 256, 259, 262, 263, 266, 274, 277, 278, 280, 283, 284, 287, 290, 301, 304, 307, 308, 316], "excluded_lines": []}, "PeerToPeerPattern": {"executed_lines": [], "summary": {"covered_lines": 0, "num_statements": 46, "percent_covered": 0.0, "percent_covered_display": "0", "missing_lines": 46, "excluded_lines": 0}, "missing_lines": [351, 352, 353, 368, 369, 377, 378, 379, 382, 390, 393, 396, 397, 405, 408, 411, 413, 425, 428, 429, 431, 432, 434, 437, 438, 441, 444, 445, 446, 449, 450, 452, 453, 454, 457, 458, 461, 476, 479, 480, 483, 484, 492, 493, 494, 497], "excluded_lines": []}, "MarketBasedPattern": {"executed_lines": [], "summary": {"covered_lines": 0, "num_statements": 39, "percent_covered": 0.0, "percent_covered_display": "0", "missing_lines": 39, "excluded_lines": 0}, "missing_lines": [532, 533, 534, 549, 550, 558, 559, 560, 563, 571, 574, 577, 578, 586, 589, 591, 602, 605, 606, 607, 609, 612, 613, 616, 619, 620, 628, 629, 632, 635, 646, 649, 650, 652, 663, 666, 669, 670, 678], "excluded_lines": []}, "": {"executed_lines": [], "summary": {"covered_lines": 0, "num_statements": 27, "percent_covered": 0.0, "percent_covered_display": "0", "missing_lines": 27, "excluded_lines": 0}, "missing_lines": [8, 9, 11, 12, 13, 16, 19, 20, 36, 48, 49, 63, 73, 87, 88, 106, 127, 137, 146, 319, 320, 337, 355, 500, 501, 518, 536], "excluded_lines": []}}}, "src/augment_adam/ai_agent/coordination/registry.py": {"executed_lines": [], "summary": {"covered_lines": 0, "num_statements": 116, "percent_covered": 0.0, "percent_covered_display": "0", "missing_lines": 116, "excluded_lines": 0}, "missing_lines": [7, 8, 9, 10, 12, 15, 23, 24, 25, 26, 27, 28, 29, 30, 31, 32, 33, 34, 37, 38, 58, 59, 60, 61, 62, 63, 64, 66, 76, 78, 85, 87, 97, 98, 99, 100, 102, 109, 110, 112, 122, 123, 124, 125, 127, 137, 139, 146, 148, 155, 165, 166, 176, 177, 178, 179, 180, 181, 182, 184, 195, 196, 211, 213, 214, 216, 226, 227, 229, 239, 240, 241, 242, 244, 254, 256, 263, 265, 272, 274, 284, 286, 296, 298, 308, 310, 321, 322, 323, 325, 326, 328, 339, 340, 341, 343, 344, 346, 354, 356, 367, 369, 376, 381, 382, 392, 393, 395, 396, 397, 399, 403, 405, 413, 414, 415], "excluded_lines": [], "functions": {"Agent.has_capability": {"executed_lines": [], "summary": {"covered_lines": 0, "num_statements": 1, "percent_covered": 0.0, "percent_covered_display": "0", "missing_lines": 1, "excluded_lines": 0}, "missing_lines": [76], "excluded_lines": []}, "Agent.add_capability": {"executed_lines": [], "summary": {"covered_lines": 0, "num_statements": 1, "percent_covered": 0.0, "percent_covered_display": "0", "missing_lines": 1, "excluded_lines": 0}, "missing_lines": [85], "excluded_lines": []}, "Agent.remove_capability": {"executed_lines": [], "summary": {"covered_lines": 0, "num_statements": 4, "percent_covered": 0.0, "percent_covered_display": "0", "missing_lines": 4, "excluded_lines": 0}, "missing_lines": [97, 98, 99, 100], "excluded_lines": []}, "Agent.add_tag": {"executed_lines": [], "summary": {"covered_lines": 0, "num_statements": 2, "percent_covered": 0.0, "percent_covered_display": "0", "missing_lines": 2, "excluded_lines": 0}, "missing_lines": [109, 110], "excluded_lines": []}, "Agent.remove_tag": {"executed_lines": [], "summary": {"covered_lines": 0, "num_statements": 4, "percent_covered": 0.0, "percent_covered_display": "0", "missing_lines": 4, "excluded_lines": 0}, "missing_lines": [122, 123, 124, 125], "excluded_lines": []}, "Agent.has_tag": {"executed_lines": [], "summary": {"covered_lines": 0, "num_statements": 1, "percent_covered": 0.0, "percent_covered_display": "0", "missing_lines": 1, "excluded_lines": 0}, "missing_lines": [137], "excluded_lines": []}, "Agent.update_load": {"executed_lines": [], "summary": {"covered_lines": 0, "num_statements": 1, "percent_covered": 0.0, "percent_covered_display": "0", "missing_lines": 1, "excluded_lines": 0}, "missing_lines": [146], "excluded_lines": []}, "Agent.to_dict": {"executed_lines": [], "summary": {"covered_lines": 0, "num_statements": 1, "percent_covered": 0.0, "percent_covered_display": "0", "missing_lines": 1, "excluded_lines": 0}, "missing_lines": [155], "excluded_lines": []}, "Agent.from_dict": {"executed_lines": [], "summary": {"covered_lines": 0, "num_statements": 8, "percent_covered": 0.0, "percent_covered_display": "0", "missing_lines": 8, "excluded_lines": 0}, "missing_lines": [176, 177, 178, 179, 180, 181, 182, 184], "excluded_lines": []}, "AgentRegistry.__init__": {"executed_lines": [], "summary": {"covered_lines": 0, "num_statements": 2, "percent_covered": 0.0, "percent_covered_display": "0", "missing_lines": 2, "excluded_lines": 0}, "missing_lines": [213, 214], "excluded_lines": []}, "AgentRegistry.register_agent": {"executed_lines": [], "summary": {"covered_lines": 0, "num_statements": 2, "percent_covered": 0.0, "percent_covered_display": "0", "missing_lines": 2, "excluded_lines": 0}, "missing_lines": [226, 227], "excluded_lines": []}, "AgentRegistry.unregister_agent": {"executed_lines": [], "summary": {"covered_lines": 0, "num_statements": 4, "percent_covered": 0.0, "percent_covered_display": "0", "missing_lines": 4, "excluded_lines": 0}, "missing_lines": [239, 240, 241, 242], "excluded_lines": []}, "AgentRegistry.get_agent": {"executed_lines": [], "summary": {"covered_lines": 0, "num_statements": 1, "percent_covered": 0.0, "percent_covered_display": "0", "missing_lines": 1, "excluded_lines": 0}, "missing_lines": [254], "excluded_lines": []}, "AgentRegistry.get_all_agents": {"executed_lines": [], "summary": {"covered_lines": 0, "num_statements": 1, "percent_covered": 0.0, "percent_covered_display": "0", "missing_lines": 1, "excluded_lines": 0}, "missing_lines": [263], "excluded_lines": []}, "AgentRegistry.get_active_agents": {"executed_lines": [], "summary": {"covered_lines": 0, "num_statements": 1, "percent_covered": 0.0, "percent_covered_display": "0", "missing_lines": 1, "excluded_lines": 0}, "missing_lines": [272], "excluded_lines": []}, "AgentRegistry.get_agents_by_capability": {"executed_lines": [], "summary": {"covered_lines": 0, "num_statements": 1, "percent_covered": 0.0, "percent_covered_display": "0", "missing_lines": 1, "excluded_lines": 0}, "missing_lines": [284], "excluded_lines": []}, "AgentRegistry.get_agents_by_tag": {"executed_lines": [], "summary": {"covered_lines": 0, "num_statements": 1, "percent_covered": 0.0, "percent_covered_display": "0", "missing_lines": 1, "excluded_lines": 0}, "missing_lines": [296], "excluded_lines": []}, "AgentRegistry.get_agents_by_load": {"executed_lines": [], "summary": {"covered_lines": 0, "num_statements": 1, "percent_covered": 0.0, "percent_covered_display": "0", "missing_lines": 1, "excluded_lines": 0}, "missing_lines": [308], "excluded_lines": []}, "AgentRegistry.update_agent_load": {"executed_lines": [], "summary": {"covered_lines": 0, "num_statements": 5, "percent_covered": 0.0, "percent_covered_display": "0", "missing_lines": 5, "excluded_lines": 0}, "missing_lines": [321, 322, 323, 325, 326], "excluded_lines": []}, "AgentRegistry.set_agent_active": {"executed_lines": [], "summary": {"covered_lines": 0, "num_statements": 5, "percent_covered": 0.0, "percent_covered_display": "0", "missing_lines": 5, "excluded_lines": 0}, "missing_lines": [339, 340, 341, 343, 344], "excluded_lines": []}, "AgentRegistry.set_metadata": {"executed_lines": [], "summary": {"covered_lines": 0, "num_statements": 1, "percent_covered": 0.0, "percent_covered_display": "0", "missing_lines": 1, "excluded_lines": 0}, "missing_lines": [354], "excluded_lines": []}, "AgentRegistry.get_metadata": {"executed_lines": [], "summary": {"covered_lines": 0, "num_statements": 1, "percent_covered": 0.0, "percent_covered_display": "0", "missing_lines": 1, "excluded_lines": 0}, "missing_lines": [367], "excluded_lines": []}, "AgentRegistry.to_dict": {"executed_lines": [], "summary": {"covered_lines": 0, "num_statements": 1, "percent_covered": 0.0, "percent_covered_display": "0", "missing_lines": 1, "excluded_lines": 0}, "missing_lines": [376], "excluded_lines": []}, "AgentRegistry.from_dict": {"executed_lines": [], "summary": {"covered_lines": 0, "num_statements": 6, "percent_covered": 0.0, "percent_covered_display": "0", "missing_lines": 6, "excluded_lines": 0}, "missing_lines": [392, 393, 395, 396, 397, 399], "excluded_lines": []}, "get_agent_registry": {"executed_lines": [], "summary": {"covered_lines": 0, "num_statements": 3, "percent_covered": 0.0, "percent_covered_display": "0", "missing_lines": 3, "excluded_lines": 0}, "missing_lines": [413, 414, 415], "excluded_lines": []}, "": {"executed_lines": [], "summary": {"covered_lines": 0, "num_statements": 57, "percent_covered": 0.0, "percent_covered_display": "0", "missing_lines": 57, "excluded_lines": 0}, "missing_lines": [7, 8, 9, 10, 12, 15, 23, 24, 25, 26, 27, 28, 29, 30, 31, 32, 33, 34, 37, 38, 58, 59, 60, 61, 62, 63, 64, 66, 78, 87, 102, 112, 127, 139, 148, 165, 166, 195, 196, 211, 216, 229, 244, 256, 265, 274, 286, 298, 310, 328, 346, 356, 369, 381, 382, 403, 405], "excluded_lines": []}}, "classes": {"AgentCapability": {"executed_lines": [], "summary": {"covered_lines": 0, "num_statements": 0, "percent_covered": 100.0, "percent_covered_display": "100", "missing_lines": 0, "excluded_lines": 0}, "missing_lines": [], "excluded_lines": []}, "Agent": {"executed_lines": [], "summary": {"covered_lines": 0, "num_statements": 23, "percent_covered": 0.0, "percent_covered_display": "0", "missing_lines": 23, "excluded_lines": 0}, "missing_lines": [76, 85, 97, 98, 99, 100, 109, 110, 122, 123, 124, 125, 137, 146, 155, 176, 177, 178, 179, 180, 181, 182, 184], "excluded_lines": []}, "AgentRegistry": {"executed_lines": [], "summary": {"covered_lines": 0, "num_statements": 33, "percent_covered": 0.0, "percent_covered_display": "0", "missing_lines": 33, "excluded_lines": 0}, "missing_lines": [213, 214, 226, 227, 239, 240, 241, 242, 254, 263, 272, 284, 296, 308, 321, 322, 323, 325, 326, 339, 340, 341, 343, 344, 354, 367, 376, 392, 393, 395, 396, 397, 399], "excluded_lines": []}, "": {"executed_lines": [], "summary": {"covered_lines": 0, "num_statements": 60, "percent_covered": 0.0, "percent_covered_display": "0", "missing_lines": 60, "excluded_lines": 0}, "missing_lines": [7, 8, 9, 10, 12, 15, 23, 24, 25, 26, 27, 28, 29, 30, 31, 32, 33, 34, 37, 38, 58, 59, 60, 61, 62, 63, 64, 66, 78, 87, 102, 112, 127, 139, 148, 165, 166, 195, 196, 211, 216, 229, 244, 256, 265, 274, 286, 298, 310, 328, 346, 356, 369, 381, 382, 403, 405, 413, 414, 415], "excluded_lines": []}}}, "src/augment_adam/ai_agent/coordination/task.py": {"executed_lines": [], "summary": {"covered_lines": 0, "num_statements": 219, "percent_covered": 0.0, "percent_covered_display": "0", "missing_lines": 219, "excluded_lines": 1}, "missing_lines": [7, 8, 9, 10, 11, 13, 14, 17, 25, 26, 27, 28, 29, 30, 33, 41, 42, 43, 44, 47, 48, 67, 68, 69, 70, 71, 72, 73, 75, 82, 84, 91, 101, 102, 113, 114, 115, 116, 117, 118, 120, 131, 132, 161, 162, 163, 164, 165, 166, 167, 168, 169, 170, 171, 172, 173, 174, 175, 176, 178, 185, 187, 194, 196, 203, 205, 212, 214, 221, 222, 224, 226, 233, 235, 242, 243, 244, 246, 256, 257, 258, 259, 260, 262, 269, 270, 271, 273, 277, 278, 279, 281, 288, 289, 290, 292, 299, 300, 307, 308, 310, 311, 313, 317, 318, 320, 327, 328, 329, 331, 341, 342, 343, 344, 345, 347, 357, 359, 366, 385, 386, 397, 398, 399, 400, 401, 402, 403, 406, 407, 408, 409, 410, 411, 414, 415, 416, 417, 418, 419, 422, 423, 424, 426, 446, 447, 463, 471, 472, 473, 475, 487, 495, 497, 508, 511, 512, 529, 537, 538, 540, 551, 554, 555, 558, 559, 562, 563, 566, 567, 570, 573, 575, 578, 579, 595, 603, 605, 616, 619, 620, 623, 624, 627, 628, 631, 632, 633, 634, 635, 638, 639, 641, 643, 646, 648, 649, 650, 653, 654, 657, 660, 662, 665, 666, 682, 690, 692, 703, 706, 707, 710, 711, 714, 715, 718, 721, 724, 726], "excluded_lines": [485], "functions": {"TaskResult.is_successful": {"executed_lines": [], "summary": {"covered_lines": 0, "num_statements": 1, "percent_covered": 0.0, "percent_covered_display": "0", "missing_lines": 1, "excluded_lines": 0}, "missing_lines": [82], "excluded_lines": []}, "TaskResult.to_dict": {"executed_lines": [], "summary": {"covered_lines": 0, "num_statements": 1, "percent_covered": 0.0, "percent_covered_display": "0", "missing_lines": 1, "excluded_lines": 0}, "missing_lines": [91], "excluded_lines": []}, "TaskResult.from_dict": {"executed_lines": [], "summary": {"covered_lines": 0, "num_statements": 7, "percent_covered": 0.0, "percent_covered_display": "0", "missing_lines": 7, "excluded_lines": 0}, "missing_lines": [113, 114, 115, 116, 117, 118, 120], "excluded_lines": []}, "Task.is_assigned": {"executed_lines": [], "summary": {"covered_lines": 0, "num_statements": 1, "percent_covered": 0.0, "percent_covered_display": "0", "missing_lines": 1, "excluded_lines": 0}, "missing_lines": [185], "excluded_lines": []}, "Task.is_completed": {"executed_lines": [], "summary": {"covered_lines": 0, "num_statements": 1, "percent_covered": 0.0, "percent_covered_display": "0", "missing_lines": 1, "excluded_lines": 0}, "missing_lines": [194], "excluded_lines": []}, "Task.is_failed": {"executed_lines": [], "summary": {"covered_lines": 0, "num_statements": 1, "percent_covered": 0.0, "percent_covered_display": "0", "missing_lines": 1, "excluded_lines": 0}, "missing_lines": [203], "excluded_lines": []}, "Task.is_cancelled": {"executed_lines": [], "summary": {"covered_lines": 0, "num_statements": 1, "percent_covered": 0.0, "percent_covered_display": "0", "missing_lines": 1, "excluded_lines": 0}, "missing_lines": [212], "excluded_lines": []}, "Task.is_overdue": {"executed_lines": [], "summary": {"covered_lines": 0, "num_statements": 3, "percent_covered": 0.0, "percent_covered_display": "0", "missing_lines": 3, "excluded_lines": 0}, "missing_lines": [221, 222, 224], "excluded_lines": []}, "Task.has_subtasks": {"executed_lines": [], "summary": {"covered_lines": 0, "num_statements": 1, "percent_covered": 0.0, "percent_covered_display": "0", "missing_lines": 1, "excluded_lines": 0}, "missing_lines": [233], "excluded_lines": []}, "Task.add_subtask": {"executed_lines": [], "summary": {"covered_lines": 0, "num_statements": 3, "percent_covered": 0.0, "percent_covered_display": "0", "missing_lines": 3, "excluded_lines": 0}, "missing_lines": [242, 243, 244], "excluded_lines": []}, "Task.remove_subtask": {"executed_lines": [], "summary": {"covered_lines": 0, "num_statements": 5, "percent_covered": 0.0, "percent_covered_display": "0", "missing_lines": 5, "excluded_lines": 0}, "missing_lines": [256, 257, 258, 259, 260], "excluded_lines": []}, "Task.assign": {"executed_lines": [], "summary": {"covered_lines": 0, "num_statements": 3, "percent_covered": 0.0, "percent_covered_display": "0", "missing_lines": 3, "excluded_lines": 0}, "missing_lines": [269, 270, 271], "excluded_lines": []}, "Task.start": {"executed_lines": [], "summary": {"covered_lines": 0, "num_statements": 3, "percent_covered": 0.0, "percent_covered_display": "0", "missing_lines": 3, "excluded_lines": 0}, "missing_lines": [277, 278, 279], "excluded_lines": []}, "Task.complete": {"executed_lines": [], "summary": {"covered_lines": 0, "num_statements": 3, "percent_covered": 0.0, "percent_covered_display": "0", "missing_lines": 3, "excluded_lines": 0}, "missing_lines": [288, 289, 290], "excluded_lines": []}, "Task.fail": {"executed_lines": [], "summary": {"covered_lines": 0, "num_statements": 6, "percent_covered": 0.0, "percent_covered_display": "0", "missing_lines": 6, "excluded_lines": 0}, "missing_lines": [299, 300, 307, 308, 310, 311], "excluded_lines": []}, "Task.cancel": {"executed_lines": [], "summary": {"covered_lines": 0, "num_statements": 2, "percent_covered": 0.0, "percent_covered_display": "0", "missing_lines": 2, "excluded_lines": 0}, "missing_lines": [317, 318], "excluded_lines": []}, "Task.add_tag": {"executed_lines": [], "summary": {"covered_lines": 0, "num_statements": 3, "percent_covered": 0.0, "percent_covered_display": "0", "missing_lines": 3, "excluded_lines": 0}, "missing_lines": [327, 328, 329], "excluded_lines": []}, "Task.remove_tag": {"executed_lines": [], "summary": {"covered_lines": 0, "num_statements": 5, "percent_covered": 0.0, "percent_covered_display": "0", "missing_lines": 5, "excluded_lines": 0}, "missing_lines": [341, 342, 343, 344, 345], "excluded_lines": []}, "Task.has_tag": {"executed_lines": [], "summary": {"covered_lines": 0, "num_statements": 1, "percent_covered": 0.0, "percent_covered_display": "0", "missing_lines": 1, "excluded_lines": 0}, "missing_lines": [357], "excluded_lines": []}, "Task.to_dict": {"executed_lines": [], "summary": {"covered_lines": 0, "num_statements": 1, "percent_covered": 0.0, "percent_covered_display": "0", "missing_lines": 1, "excluded_lines": 0}, "missing_lines": [366], "excluded_lines": []}, "Task.from_dict": {"executed_lines": [], "summary": {"covered_lines": 0, "num_statements": 23, "percent_covered": 0.0, "percent_covered_display": "0", "missing_lines": 23, "excluded_lines": 0}, "missing_lines": [397, 398, 399, 400, 401, 402, 403, 406, 407, 408, 409, 410, 411, 414, 415, 416, 417, 418, 419, 422, 423, 424, 426], "excluded_lines": []}, "TaskDistributor.__init__": {"executed_lines": [], "summary": {"covered_lines": 0, "num_statements": 3, "percent_covered": 0.0, "percent_covered_display": "0", "missing_lines": 3, "excluded_lines": 0}, "missing_lines": [471, 472, 473], "excluded_lines": []}, "TaskDistributor.distribute": {"executed_lines": [], "summary": {"covered_lines": 0, "num_statements": 0, "percent_covered": 100.0, "percent_covered_display": "100", "missing_lines": 0, "excluded_lines": 1}, "missing_lines": [], "excluded_lines": [485]}, "TaskDistributor.set_metadata": {"executed_lines": [], "summary": {"covered_lines": 0, "num_statements": 1, "percent_covered": 0.0, "percent_covered_display": "0", "missing_lines": 1, "excluded_lines": 0}, "missing_lines": [495], "excluded_lines": []}, "TaskDistributor.get_metadata": {"executed_lines": [], "summary": {"covered_lines": 0, "num_statements": 1, "percent_covered": 0.0, "percent_covered_display": "0", "missing_lines": 1, "excluded_lines": 0}, "missing_lines": [508], "excluded_lines": []}, "RoundRobinDistributor.__init__": {"executed_lines": [], "summary": {"covered_lines": 0, "num_statements": 2, "percent_covered": 0.0, "percent_covered_display": "0", "missing_lines": 2, "excluded_lines": 0}, "missing_lines": [537, 538], "excluded_lines": []}, "RoundRobinDistributor.distribute": {"executed_lines": [], "summary": {"covered_lines": 0, "num_statements": 12, "percent_covered": 0.0, "percent_covered_display": "0", "missing_lines": 12, "excluded_lines": 0}, "missing_lines": [551, 554, 555, 558, 559, 562, 563, 566, 567, 570, 573, 575], "excluded_lines": []}, "CapabilityBasedDistributor.__init__": {"executed_lines": [], "summary": {"covered_lines": 0, "num_statements": 1, "percent_covered": 0.0, "percent_covered_display": "0", "missing_lines": 1, "excluded_lines": 0}, "missing_lines": [603], "excluded_lines": []}, "CapabilityBasedDistributor.distribute": {"executed_lines": [], "summary": {"covered_lines": 0, "num_statements": 25, "percent_covered": 0.0, "percent_covered_display": "0", "missing_lines": 25, "excluded_lines": 0}, "missing_lines": [616, 619, 620, 623, 624, 627, 628, 631, 632, 633, 634, 635, 638, 639, 641, 643, 646, 648, 649, 650, 653, 654, 657, 660, 662], "excluded_lines": []}, "LoadBalancedDistributor.__init__": {"executed_lines": [], "summary": {"covered_lines": 0, "num_statements": 1, "percent_covered": 0.0, "percent_covered_display": "0", "missing_lines": 1, "excluded_lines": 0}, "missing_lines": [690], "excluded_lines": []}, "LoadBalancedDistributor.distribute": {"executed_lines": [], "summary": {"covered_lines": 0, "num_statements": 11, "percent_covered": 0.0, "percent_covered_display": "0", "missing_lines": 11, "excluded_lines": 0}, "missing_lines": [703, 706, 707, 710, 711, 714, 715, 718, 721, 724, 726], "excluded_lines": []}, "": {"executed_lines": [], "summary": {"covered_lines": 0, "num_statements": 87, "percent_covered": 0.0, "percent_covered_display": "0", "missing_lines": 87, "excluded_lines": 0}, "missing_lines": [7, 8, 9, 10, 11, 13, 14, 17, 25, 26, 27, 28, 29, 30, 33, 41, 42, 43, 44, 47, 48, 67, 68, 69, 70, 71, 72, 73, 75, 84, 101, 102, 131, 132, 161, 162, 163, 164, 165, 166, 167, 168, 169, 170, 171, 172, 173, 174, 175, 176, 178, 187, 196, 205, 214, 226, 235, 246, 262, 273, 281, 292, 313, 320, 331, 347, 359, 385, 386, 446, 447, 463, 475, 487, 497, 511, 512, 529, 540, 578, 579, 595, 605, 665, 666, 682, 692], "excluded_lines": []}}, "classes": {"TaskStatus": {"executed_lines": [], "summary": {"covered_lines": 0, "num_statements": 0, "percent_covered": 100.0, "percent_covered_display": "100", "missing_lines": 0, "excluded_lines": 0}, "missing_lines": [], "excluded_lines": []}, "TaskPriority": {"executed_lines": [], "summary": {"covered_lines": 0, "num_statements": 0, "percent_covered": 100.0, "percent_covered_display": "100", "missing_lines": 0, "excluded_lines": 0}, "missing_lines": [], "excluded_lines": []}, "TaskResult": {"executed_lines": [], "summary": {"covered_lines": 0, "num_statements": 9, "percent_covered": 0.0, "percent_covered_display": "0", "missing_lines": 9, "excluded_lines": 0}, "missing_lines": [82, 91, 113, 114, 115, 116, 117, 118, 120], "excluded_lines": []}, "Task": {"executed_lines": [], "summary": {"covered_lines": 0, "num_statements": 66, "percent_covered": 0.0, "percent_covered_display": "0", "missing_lines": 66, "excluded_lines": 0}, "missing_lines": [185, 194, 203, 212, 221, 222, 224, 233, 242, 243, 244, 256, 257, 258, 259, 260, 269, 270, 271, 277, 278, 279, 288, 289, 290, 299, 300, 307, 308, 310, 311, 317, 318, 327, 328, 329, 341, 342, 343, 344, 345, 357, 366, 397, 398, 399, 400, 401, 402, 403, 406, 407, 408, 409, 410, 411, 414, 415, 416, 417, 418, 419, 422, 423, 424, 426], "excluded_lines": []}, "TaskDistributor": {"executed_lines": [], "summary": {"covered_lines": 0, "num_statements": 5, "percent_covered": 0.0, "percent_covered_display": "0", "missing_lines": 5, "excluded_lines": 1}, "missing_lines": [471, 472, 473, 495, 508], "excluded_lines": [485]}, "RoundRobinDistributor": {"executed_lines": [], "summary": {"covered_lines": 0, "num_statements": 14, "percent_covered": 0.0, "percent_covered_display": "0", "missing_lines": 14, "excluded_lines": 0}, "missing_lines": [537, 538, 551, 554, 555, 558, 559, 562, 563, 566, 567, 570, 573, 575], "excluded_lines": []}, "CapabilityBasedDistributor": {"executed_lines": [], "summary": {"covered_lines": 0, "num_statements": 26, "percent_covered": 0.0, "percent_covered_display": "0", "missing_lines": 26, "excluded_lines": 0}, "missing_lines": [603, 616, 619, 620, 623, 624, 627, 628, 631, 632, 633, 634, 635, 638, 639, 641, 643, 646, 648, 649, 650, 653, 654, 657, 660, 662], "excluded_lines": []}, "LoadBalancedDistributor": {"executed_lines": [], "summary": {"covered_lines": 0, "num_statements": 12, "percent_covered": 0.0, "percent_covered_display": "0", "missing_lines": 12, "excluded_lines": 0}, "missing_lines": [690, 703, 706, 707, 710, 711, 714, 715, 718, 721, 724, 726], "excluded_lines": []}, "": {"executed_lines": [], "summary": {"covered_lines": 0, "num_statements": 87, "percent_covered": 0.0, "percent_covered_display": "0", "missing_lines": 87, "excluded_lines": 0}, "missing_lines": [7, 8, 9, 10, 11, 13, 14, 17, 25, 26, 27, 28, 29, 30, 33, 41, 42, 43, 44, 47, 48, 67, 68, 69, 70, 71, 72, 73, 75, 84, 101, 102, 131, 132, 161, 162, 163, 164, 165, 166, 167, 168, 169, 170, 171, 172, 173, 174, 175, 176, 178, 187, 196, 205, 214, 226, 235, 246, 262, 273, 281, 292, 313, 320, 331, 347, 359, 385, 386, 446, 447, 463, 475, 487, 497, 511, 512, 529, 540, 578, 579, 595, 605, 665, 666, 682, 692], "excluded_lines": []}}}, "src/augment_adam/ai_agent/memory_integration/__init__.py": {"executed_lines": [], "summary": {"covered_lines": 0, "num_statements": 0, "percent_covered": 100.0, "percent_covered_display": "100", "missing_lines": 0, "excluded_lines": 0}, "missing_lines": [], "excluded_lines": [], "functions": {"": {"executed_lines": [], "summary": {"covered_lines": 0, "num_statements": 0, "percent_covered": 100.0, "percent_covered_display": "100", "missing_lines": 0, "excluded_lines": 0}, "missing_lines": [], "excluded_lines": []}}, "classes": {"": {"executed_lines": [], "summary": {"covered_lines": 0, "num_statements": 0, "percent_covered": 100.0, "percent_covered_display": "100", "missing_lines": 0, "excluded_lines": 0}, "missing_lines": [], "excluded_lines": []}}}, "src/augment_adam/ai_agent/reasoning/__init__.py": {"executed_lines": [], "summary": {"covered_lines": 0, "num_statements": 0, "percent_covered": 100.0, "percent_covered_display": "100", "missing_lines": 0, "excluded_lines": 0}, "missing_lines": [], "excluded_lines": [], "functions": {"": {"executed_lines": [], "summary": {"covered_lines": 0, "num_statements": 0, "percent_covered": 100.0, "percent_covered_display": "100", "missing_lines": 0, "excluded_lines": 0}, "missing_lines": [], "excluded_lines": []}}, "classes": {"": {"executed_lines": [], "summary": {"covered_lines": 0, "num_statements": 0, "percent_covered": 100.0, "percent_covered_display": "100", "missing_lines": 0, "excluded_lines": 0}, "missing_lines": [], "excluded_lines": []}}}, "src/augment_adam/ai_agent/smc/__init__.py": {"executed_lines": [], "summary": {"covered_lines": 0, "num_statements": 0, "percent_covered": 100.0, "percent_covered_display": "100", "missing_lines": 0, "excluded_lines": 0}, "missing_lines": [], "excluded_lines": [], "functions": {"": {"executed_lines": [], "summary": {"covered_lines": 0, "num_statements": 0, "percent_covered": 100.0, "percent_covered_display": "100", "missing_lines": 0, "excluded_lines": 0}, "missing_lines": [], "excluded_lines": []}}, "classes": {"": {"executed_lines": [], "summary": {"covered_lines": 0, "num_statements": 0, "percent_covered": 100.0, "percent_covered_display": "100", "missing_lines": 0, "excluded_lines": 0}, "missing_lines": [], "excluded_lines": []}}}, "src/augment_adam/ai_agent/tools/__init__.py": {"executed_lines": [], "summary": {"covered_lines": 0, "num_statements": 0, "percent_covered": 100.0, "percent_covered_display": "100", "missing_lines": 0, "excluded_lines": 0}, "missing_lines": [], "excluded_lines": [], "functions": {"": {"executed_lines": [], "summary": {"covered_lines": 0, "num_statements": 0, "percent_covered": 100.0, "percent_covered_display": "100", "missing_lines": 0, "excluded_lines": 0}, "missing_lines": [], "excluded_lines": []}}, "classes": {"": {"executed_lines": [], "summary": {"covered_lines": 0, "num_statements": 0, "percent_covered": 100.0, "percent_covered_display": "100", "missing_lines": 0, "excluded_lines": 0}, "missing_lines": [], "excluded_lines": []}}}, "src/augment_adam/ai_agent/types/__init__.py": {"executed_lines": [], "summary": {"covered_lines": 0, "num_statements": 0, "percent_covered": 100.0, "percent_covered_display": "100", "missing_lines": 0, "excluded_lines": 0}, "missing_lines": [], "excluded_lines": [], "functions": {"": {"executed_lines": [], "summary": {"covered_lines": 0, "num_statements": 0, "percent_covered": 100.0, "percent_covered_display": "100", "missing_lines": 0, "excluded_lines": 0}, "missing_lines": [], "excluded_lines": []}}, "classes": {"": {"executed_lines": [], "summary": {"covered_lines": 0, "num_statements": 0, "percent_covered": 100.0, "percent_covered_display": "100", "missing_lines": 0, "excluded_lines": 0}, "missing_lines": [], "excluded_lines": []}}}, "src/augment_adam/cli/__init__.py": {"executed_lines": [], "summary": {"covered_lines": 0, "num_statements": 0, "percent_covered": 100.0, "percent_covered_display": "100", "missing_lines": 0, "excluded_lines": 0}, "missing_lines": [], "excluded_lines": [], "functions": {"": {"executed_lines": [], "summary": {"covered_lines": 0, "num_statements": 0, "percent_covered": 100.0, "percent_covered_display": "100", "missing_lines": 0, "excluded_lines": 0}, "missing_lines": [], "excluded_lines": []}}, "classes": {"": {"executed_lines": [], "summary": {"covered_lines": 0, "num_statements": 0, "percent_covered": 100.0, "percent_covered_display": "100", "missing_lines": 0, "excluded_lines": 0}, "missing_lines": [], "excluded_lines": []}}}, "src/augment_adam/context/__init__.py": {"executed_lines": [], "summary": {"covered_lines": 0, "num_statements": 8, "percent_covered": 0.0, "percent_covered_display": "0", "missing_lines": 8, "excluded_lines": 0}, "missing_lines": [13, 21, 28, 35, 42, 48, 55, 62], "excluded_lines": [], "functions": {"": {"executed_lines": [], "summary": {"covered_lines": 0, "num_statements": 8, "percent_covered": 0.0, "percent_covered_display": "0", "missing_lines": 8, "excluded_lines": 0}, "missing_lines": [13, 21, 28, 35, 42, 48, 55, 62], "excluded_lines": []}}, "classes": {"": {"executed_lines": [], "summary": {"covered_lines": 0, "num_statements": 8, "percent_covered": 0.0, "percent_covered_display": "0", "missing_lines": 8, "excluded_lines": 0}, "missing_lines": [13, 21, 28, 35, 42, 48, 55, 62], "excluded_lines": []}}}, "src/augment_adam/context/async/base.py": {"executed_lines": [], "summary": {"covered_lines": 0, "num_statements": 163, "percent_covered": 0.0, "percent_covered_display": "0", "missing_lines": 163, "excluded_lines": 5}, "missing_lines": [8, 9, 10, 11, 12, 13, 14, 15, 17, 18, 21, 28, 29, 30, 31, 32, 35, 36, 59, 60, 61, 62, 63, 64, 65, 66, 67, 68, 70, 77, 90, 91, 102, 103, 104, 105, 106, 108, 122, 123, 138, 145, 146, 148, 149, 165, 173, 175, 186, 189, 190, 210, 212, 213, 214, 215, 216, 217, 218, 220, 227, 229, 239, 240, 241, 242, 244, 251, 253, 263, 264, 265, 266, 268, 270, 271, 273, 274, 275, 276, 278, 280, 281, 282, 283, 285, 301, 305, 309, 316, 317, 320, 321, 323, 325, 335, 337, 349, 350, 351, 353, 354, 356, 357, 359, 360, 362, 363, 366, 367, 368, 370, 371, 372, 374, 376, 386, 387, 388, 390, 391, 392, 394, 396, 398, 399, 401, 402, 403, 404, 407, 408, 409, 412, 413, 414, 417, 420, 421, 423, 425, 433, 434, 436, 438, 439, 442, 443, 447, 450, 453, 454, 455, 456, 458, 459, 460, 464, 466, 474, 475, 476, 477], "excluded_lines": [163, 302, 306, 440, 444], "functions": {"AsyncContextTask.to_dict": {"executed_lines": [], "summary": {"covered_lines": 0, "num_statements": 1, "percent_covered": 0.0, "percent_covered_display": "0", "missing_lines": 1, "excluded_lines": 0}, "missing_lines": [77], "excluded_lines": []}, "AsyncContextTask.from_dict": {"executed_lines": [], "summary": {"covered_lines": 0, "num_statements": 6, "percent_covered": 0.0, "percent_covered_display": "0", "missing_lines": 6, "excluded_lines": 0}, "missing_lines": [102, 103, 104, 105, 106, 108], "excluded_lines": []}, "AsyncContextBuilder.__init__": {"executed_lines": [], "summary": {"covered_lines": 0, "num_statements": 2, "percent_covered": 0.0, "percent_covered_display": "0", "missing_lines": 2, "excluded_lines": 0}, "missing_lines": [145, 146], "excluded_lines": []}, "AsyncContextBuilder.build": {"executed_lines": [], "summary": {"covered_lines": 0, "num_statements": 0, "percent_covered": 100.0, "percent_covered_display": "100", "missing_lines": 0, "excluded_lines": 1}, "missing_lines": [], "excluded_lines": [163]}, "AsyncContextBuilder.set_metadata": {"executed_lines": [], "summary": {"covered_lines": 0, "num_statements": 1, "percent_covered": 0.0, "percent_covered_display": "0", "missing_lines": 1, "excluded_lines": 0}, "missing_lines": [173], "excluded_lines": []}, "AsyncContextBuilder.get_metadata": {"executed_lines": [], "summary": {"covered_lines": 0, "num_statements": 1, "percent_covered": 0.0, "percent_covered_display": "0", "missing_lines": 1, "excluded_lines": 0}, "missing_lines": [186], "excluded_lines": []}, "AsyncContextManager.__init__": {"executed_lines": [], "summary": {"covered_lines": 0, "num_statements": 7, "percent_covered": 0.0, "percent_covered_display": "0", "missing_lines": 7, "excluded_lines": 0}, "missing_lines": [212, 213, 214, 215, 216, 217, 218], "excluded_lines": []}, "AsyncContextManager.register_engine": {"executed_lines": [], "summary": {"covered_lines": 0, "num_statements": 1, "percent_covered": 0.0, "percent_covered_display": "0", "missing_lines": 1, "excluded_lines": 0}, "missing_lines": [227], "excluded_lines": []}, "AsyncContextManager.unregister_engine": {"executed_lines": [], "summary": {"covered_lines": 0, "num_statements": 4, "percent_covered": 0.0, "percent_covered_display": "0", "missing_lines": 4, "excluded_lines": 0}, "missing_lines": [239, 240, 241, 242], "excluded_lines": []}, "AsyncContextManager.register_builder": {"executed_lines": [], "summary": {"covered_lines": 0, "num_statements": 1, "percent_covered": 0.0, "percent_covered_display": "0", "missing_lines": 1, "excluded_lines": 0}, "missing_lines": [251], "excluded_lines": []}, "AsyncContextManager.unregister_builder": {"executed_lines": [], "summary": {"covered_lines": 0, "num_statements": 4, "percent_covered": 0.0, "percent_covered_display": "0", "missing_lines": 4, "excluded_lines": 0}, "missing_lines": [263, 264, 265, 266], "excluded_lines": []}, "AsyncContextManager.start": {"executed_lines": [], "summary": {"covered_lines": 0, "num_statements": 6, "percent_covered": 0.0, "percent_covered_display": "0", "missing_lines": 6, "excluded_lines": 0}, "missing_lines": [270, 271, 273, 274, 275, 276], "excluded_lines": []}, "AsyncContextManager.stop": {"executed_lines": [], "summary": {"covered_lines": 0, "num_statements": 4, "percent_covered": 0.0, "percent_covered_display": "0", "missing_lines": 4, "excluded_lines": 0}, "missing_lines": [280, 281, 282, 283], "excluded_lines": []}, "AsyncContextManager.submit_task": {"executed_lines": [], "summary": {"covered_lines": 0, "num_statements": 8, "percent_covered": 0.0, "percent_covered_display": "0", "missing_lines": 8, "excluded_lines": 2}, "missing_lines": [301, 305, 309, 316, 317, 320, 321, 323], "excluded_lines": [302, 306]}, "AsyncContextManager.get_task": {"executed_lines": [], "summary": {"covered_lines": 0, "num_statements": 1, "percent_covered": 0.0, "percent_covered_display": "0", "missing_lines": 1, "excluded_lines": 0}, "missing_lines": [335], "excluded_lines": []}, "AsyncContextManager.get_result": {"executed_lines": [], "summary": {"covered_lines": 0, "num_statements": 18, "percent_covered": 0.0, "percent_covered_display": "0", "missing_lines": 18, "excluded_lines": 0}, "missing_lines": [349, 350, 351, 353, 354, 356, 357, 359, 360, 362, 363, 366, 367, 368, 370, 371, 372, 374], "excluded_lines": []}, "AsyncContextManager.cancel_task": {"executed_lines": [], "summary": {"covered_lines": 0, "num_statements": 7, "percent_covered": 0.0, "percent_covered_display": "0", "missing_lines": 7, "excluded_lines": 0}, "missing_lines": [386, 387, 388, 390, 391, 392, 394], "excluded_lines": []}, "AsyncContextManager._worker_loop": {"executed_lines": [], "summary": {"covered_lines": 0, "num_statements": 16, "percent_covered": 0.0, "percent_covered_display": "0", "missing_lines": 16, "excluded_lines": 0}, "missing_lines": [398, 399, 401, 402, 403, 404, 407, 408, 409, 412, 413, 414, 417, 420, 421, 423], "excluded_lines": []}, "AsyncContextManager._execute_task": {"executed_lines": [], "summary": {"covered_lines": 0, "num_statements": 16, "percent_covered": 0.0, "percent_covered_display": "0", "missing_lines": 16, "excluded_lines": 2}, "missing_lines": [433, 434, 436, 438, 439, 442, 443, 447, 450, 453, 454, 455, 456, 458, 459, 460], "excluded_lines": [440, 444]}, "get_async_context_manager": {"executed_lines": [], "summary": {"covered_lines": 0, "num_statements": 4, "percent_covered": 0.0, "percent_covered_display": "0", "missing_lines": 4, "excluded_lines": 0}, "missing_lines": [474, 475, 476, 477], "excluded_lines": []}, "": {"executed_lines": [], "summary": {"covered_lines": 0, "num_statements": 55, "percent_covered": 0.0, "percent_covered_display": "0", "missing_lines": 55, "excluded_lines": 0}, "missing_lines": [8, 9, 10, 11, 12, 13, 14, 15, 17, 18, 21, 28, 29, 30, 31, 32, 35, 36, 59, 60, 61, 62, 63, 64, 65, 66, 67, 68, 70, 90, 91, 122, 123, 138, 148, 149, 165, 175, 189, 190, 210, 220, 229, 244, 253, 268, 278, 285, 325, 337, 376, 396, 425, 464, 466], "excluded_lines": []}}, "classes": {"TaskStatus": {"executed_lines": [], "summary": {"covered_lines": 0, "num_statements": 0, "percent_covered": 100.0, "percent_covered_display": "100", "missing_lines": 0, "excluded_lines": 0}, "missing_lines": [], "excluded_lines": []}, "AsyncContextTask": {"executed_lines": [], "summary": {"covered_lines": 0, "num_statements": 7, "percent_covered": 0.0, "percent_covered_display": "0", "missing_lines": 7, "excluded_lines": 0}, "missing_lines": [77, 102, 103, 104, 105, 106, 108], "excluded_lines": []}, "AsyncContextBuilder": {"executed_lines": [], "summary": {"covered_lines": 0, "num_statements": 4, "percent_covered": 0.0, "percent_covered_display": "0", "missing_lines": 4, "excluded_lines": 1}, "missing_lines": [145, 146, 173, 186], "excluded_lines": [163]}, "AsyncContextManager": {"executed_lines": [], "summary": {"covered_lines": 0, "num_statements": 93, "percent_covered": 0.0, "percent_covered_display": "0", "missing_lines": 93, "excluded_lines": 4}, "missing_lines": [212, 213, 214, 215, 216, 217, 218, 227, 239, 240, 241, 242, 251, 263, 264, 265, 266, 270, 271, 273, 274, 275, 276, 280, 281, 282, 283, 301, 305, 309, 316, 317, 320, 321, 323, 335, 349, 350, 351, 353, 354, 356, 357, 359, 360, 362, 363, 366, 367, 368, 370, 371, 372, 374, 386, 387, 388, 390, 391, 392, 394, 398, 399, 401, 402, 403, 404, 407, 408, 409, 412, 413, 414, 417, 420, 421, 423, 433, 434, 436, 438, 439, 442, 443, 447, 450, 453, 454, 455, 456, 458, 459, 460], "excluded_lines": [302, 306, 440, 444]}, "": {"executed_lines": [], "summary": {"covered_lines": 0, "num_statements": 59, "percent_covered": 0.0, "percent_covered_display": "0", "missing_lines": 59, "excluded_lines": 0}, "missing_lines": [8, 9, 10, 11, 12, 13, 14, 15, 17, 18, 21, 28, 29, 30, 31, 32, 35, 36, 59, 60, 61, 62, 63, 64, 65, 66, 67, 68, 70, 90, 91, 122, 123, 138, 148, 149, 165, 175, 189, 190, 210, 220, 229, 244, 253, 268, 278, 285, 325, 337, 376, 396, 425, 464, 466, 474, 475, 476, 477], "excluded_lines": []}}}, "src/augment_adam/context/async_module/__init__.py": {"executed_lines": [], "summary": {"covered_lines": 0, "num_statements": 2, "percent_covered": 0.0, "percent_covered_display": "0", "missing_lines": 2, "excluded_lines": 0}, "missing_lines": [8, 15], "excluded_lines": [], "functions": {"": {"executed_lines": [], "summary": {"covered_lines": 0, "num_statements": 2, "percent_covered": 0.0, "percent_covered_display": "0", "missing_lines": 2, "excluded_lines": 0}, "missing_lines": [8, 15], "excluded_lines": []}}, "classes": {"": {"executed_lines": [], "summary": {"covered_lines": 0, "num_statements": 2, "percent_covered": 0.0, "percent_covered_display": "0", "missing_lines": 2, "excluded_lines": 0}, "missing_lines": [8, 15], "excluded_lines": []}}}, "src/augment_adam/context/async_module/base.py": {"executed_lines": [], "summary": {"covered_lines": 0, "num_statements": 163, "percent_covered": 0.0, "percent_covered_display": "0", "missing_lines": 163, "excluded_lines": 5}, "missing_lines": [8, 9, 10, 11, 12, 13, 14, 15, 17, 18, 21, 28, 29, 30, 31, 32, 35, 36, 59, 60, 61, 62, 63, 64, 65, 66, 67, 68, 70, 77, 90, 91, 102, 103, 104, 105, 106, 108, 122, 123, 138, 145, 146, 148, 149, 165, 173, 175, 186, 189, 190, 210, 212, 213, 214, 215, 216, 217, 218, 220, 227, 229, 239, 240, 241, 242, 244, 251, 253, 263, 264, 265, 266, 268, 270, 271, 273, 274, 275, 276, 278, 280, 281, 282, 283, 285, 301, 305, 309, 316, 317, 320, 321, 323, 325, 335, 337, 349, 350, 351, 353, 354, 356, 357, 359, 360, 362, 363, 366, 367, 368, 370, 371, 372, 374, 376, 386, 387, 388, 390, 391, 392, 394, 396, 398, 399, 401, 402, 403, 404, 407, 408, 409, 412, 413, 414, 417, 420, 421, 423, 425, 433, 434, 436, 438, 439, 442, 443, 447, 450, 453, 454, 455, 456, 458, 459, 460, 464, 466, 474, 475, 476, 477], "excluded_lines": [163, 302, 306, 440, 444], "functions": {"AsyncContextTask.to_dict": {"executed_lines": [], "summary": {"covered_lines": 0, "num_statements": 1, "percent_covered": 0.0, "percent_covered_display": "0", "missing_lines": 1, "excluded_lines": 0}, "missing_lines": [77], "excluded_lines": []}, "AsyncContextTask.from_dict": {"executed_lines": [], "summary": {"covered_lines": 0, "num_statements": 6, "percent_covered": 0.0, "percent_covered_display": "0", "missing_lines": 6, "excluded_lines": 0}, "missing_lines": [102, 103, 104, 105, 106, 108], "excluded_lines": []}, "AsyncContextBuilder.__init__": {"executed_lines": [], "summary": {"covered_lines": 0, "num_statements": 2, "percent_covered": 0.0, "percent_covered_displ
[...]
 9, "percent_covered": 0.0, "percent_covered_display": "0", "missing_lines": 9, "excluded_lines": 0}, "missing_lines": [73, 75, 76, 77, 78, 79, 80, 81, 83], "excluded_lines": []}, "FileSystemLoader.get_template": {"executed_lines": [], "summary": {"covered_lines": 0, "num_statements": 5, "percent_covered": 0.0, "percent_covered_display": "0", "missing_lines": 5, "excluded_lines": 1}, "missing_lines": [98, 100, 101, 102, 105], "excluded_lines": [103]}, "FileSystemLoader.get_template_names": {"executed_lines": [], "summary": {"covered_lines": 0, "num_statements": 1, "percent_covered": 0.0, "percent_covered_display": "0", "missing_lines": 1, "excluded_lines": 0}, "missing_lines": [114], "excluded_lines": []}, "FileSystemLoader.reload_template": {"executed_lines": [], "summary": {"covered_lines": 0, "num_statements": 2, "percent_covered": 0.0, "percent_covered_display": "0", "missing_lines": 2, "excluded_lines": 1}, "missing_lines": [129, 132], "excluded_lines": [130]}, "FileSystemLoader.reload_templates": {"executed_lines": [], "summary": {"covered_lines": 0, "num_statements": 1, "percent_covered": 0.0, "percent_covered_display": "0", "missing_lines": 1, "excluded_lines": 0}, "missing_lines": [144], "excluded_lines": []}, "": {"executed_lines": [], "summary": {"covered_lines": 0, "num_statements": 12, "percent_covered": 0.0, "percent_covered_display": "0", "missing_lines": 12, "excluded_lines": 0}, "missing_lines": [7, 8, 9, 11, 14, 29, 39, 63, 85, 107, 116, 134], "excluded_lines": []}}, "classes": {"FileSystemLoader": {"executed_lines": [], "summary": {"covered_lines": 0, "num_statements": 27, "percent_covered": 0.0, "percent_covered_display": "0", "missing_lines": 27, "excluded_lines": 2}, "missing_lines": [36, 37, 52, 53, 55, 56, 58, 59, 61, 73, 75, 76, 77, 78, 79, 80, 81, 83, 98, 100, 101, 102, 105, 114, 129, 132, 144], "excluded_lines": [103, 130]}, "": {"executed_lines": [], "summary": {"covered_lines": 0, "num_statements": 12, "percent_covered": 0.0, "percent_covered_display": "0", "missing_lines": 12, "excluded_lines": 0}, "missing_lines": [7, 8, 9, 11, 14, 29, 39, 63, 85, 107, 116, 134], "excluded_lines": []}}}, "src/augment_adam/utils/templates/loaders/memory.py": {"executed_lines": [], "summary": {"covered_lines": 0, "num_statements": 19, "percent_covered": 0.0, "percent_covered_display": "0", "missing_lines": 19, "excluded_lines": 2}, "missing_lines": [7, 9, 12, 26, 28, 30, 41, 47, 49, 51, 64, 67, 69, 76, 78, 88, 91, 93, 95], "excluded_lines": [65, 89], "functions": {"MemoryLoader.__init__": {"executed_lines": [], "summary": {"covered_lines": 0, "num_statements": 1, "percent_covered": 0.0, "percent_covered_display": "0", "missing_lines": 1, "excluded_lines": 0}, "missing_lines": [28], "excluded_lines": []}, "MemoryLoader.add_template": {"executed_lines": [], "summary": {"covered_lines": 0, "num_statements": 3, "percent_covered": 0.0, "percent_covered_display": "0", "missing_lines": 3, "excluded_lines": 0}, "missing_lines": [41, 47, 49], "excluded_lines": []}, "MemoryLoader.get_template": {"executed_lines": [], "summary": {"covered_lines": 0, "num_statements": 2, "percent_covered": 0.0, "percent_covered_display": "0", "missing_lines": 2, "excluded_lines": 1}, "missing_lines": [64, 67], "excluded_lines": [65]}, "MemoryLoader.get_template_names": {"executed_lines": [], "summary": {"covered_lines": 0, "num_statements": 1, "percent_covered": 0.0, "percent_covered_display": "0", "missing_lines": 1, "excluded_lines": 0}, "missing_lines": [76], "excluded_lines": []}, "MemoryLoader.remove_template": {"executed_lines": [], "summary": {"covered_lines": 0, "num_statements": 2, "percent_covered": 0.0, "percent_covered_display": "0", "missing_lines": 2, "excluded_lines": 1}, "missing_lines": [88, 91], "excluded_lines": [89]}, "MemoryLoader.clear_templates": {"executed_lines": [], "summary": {"covered_lines": 0, "num_statements": 1, "percent_covered": 0.0, "percent_covered_display": "0", "missing_lines": 1, "excluded_lines": 0}, "missing_lines": [95], "excluded_lines": []}, "": {"executed_lines": [], "summary": {"covered_lines": 0, "num_statements": 9, "percent_covered": 0.0, "percent_covered_display": "0", "missing_lines": 9, "excluded_lines": 0}, "missing_lines": [7, 9, 12, 26, 30, 51, 69, 78, 93], "excluded_lines": []}}, "classes": {"MemoryLoader": {"executed_lines": [], "summary": {"covered_lines": 0, "num_statements": 10, "percent_covered": 0.0, "percent_covered_display": "0", "missing_lines": 10, "excluded_lines": 2}, "missing_lines": [28, 41, 47, 49, 64, 67, 76, 88, 91, 95], "excluded_lines": [65, 89]}, "": {"executed_lines": [], "summary": {"covered_lines": 0, "num_statements": 9, "percent_covered": 0.0, "percent_covered_display": "0", "missing_lines": 9, "excluded_lines": 0}, "missing_lines": [7, 9, 12, 26, 30, 51, 69, 78, 93], "excluded_lines": []}}}, "src/augment_adam/utils/templates/loaders/package.py": {"executed_lines": [], "summary": {"covered_lines": 0, "num_statements": 36, "percent_covered": 0.0, "percent_covered_display": "0", "missing_lines": 36, "excluded_lines": 2}, "missing_lines": [7, 8, 9, 10, 12, 15, 31, 39, 40, 41, 43, 56, 58, 59, 60, 61, 62, 64, 70, 72, 74, 84, 90, 92, 105, 107, 108, 109, 112, 114, 121, 123, 136, 139, 141, 151], "excluded_lines": [110, 137], "functions": {"PackageLoader.__init__": {"executed_lines": [], "summary": {"covered_lines": 0, "num_statements": 3, "percent_covered": 0.0, "percent_covered_display": "0", "missing_lines": 3, "excluded_lines": 0}, "missing_lines": [39, 40, 41], "excluded_lines": []}, "PackageLoader.load_template": {"executed_lines": [], "summary": {"covered_lines": 0, "num_statements": 9, "percent_covered": 0.0, "percent_covered_display": "0", "missing_lines": 9, "excluded_lines": 0}, "missing_lines": [56, 58, 59, 60, 61, 62, 64, 70, 72], "excluded_lines": []}, "PackageLoader.load_templates": {"executed_lines": [], "summary": {"covered_lines": 0, "num_statements": 2, "percent_covered": 0.0, "percent_covered_display": "0", "missing_lines": 2, "excluded_lines": 0}, "missing_lines": [84, 90], "excluded_lines": []}, "PackageLoader.get_template": {"executed_lines": [], "summary": {"covered_lines": 0, "num_statements": 5, "percent_covered": 0.0, "percent_covered_display": "0", "missing_lines": 5, "excluded_lines": 1}, "missing_lines": [105, 107, 108, 109, 112], "excluded_lines": [110]}, "PackageLoader.get_template_names": {"executed_lines": [], "summary": {"covered_lines": 0, "num_statements": 1, "percent_covered": 0.0, "percent_covered_display": "0", "missing_lines": 1, "excluded_lines": 0}, "missing_lines": [121], "excluded_lines": []}, "PackageLoader.reload_template": {"executed_lines": [], "summary": {"covered_lines": 0, "num_statements": 2, "percent_covered": 0.0, "percent_covered_display": "0", "missing_lines": 2, "excluded_lines": 1}, "missing_lines": [136, 139], "excluded_lines": [137]}, "PackageLoader.reload_templates": {"executed_lines": [], "summary": {"covered_lines": 0, "num_statements": 1, "percent_covered": 0.0, "percent_covered_display": "0", "missing_lines": 1, "excluded_lines": 0}, "missing_lines": [151], "excluded_lines": []}, "": {"executed_lines": [], "summary": {"covered_lines": 0, "num_statements": 13, "percent_covered": 0.0, "percent_covered_display": "0", "missing_lines": 13, "excluded_lines": 0}, "missing_lines": [7, 8, 9, 10, 12, 15, 31, 43, 74, 92, 114, 123, 141], "excluded_lines": []}}, "classes": {"PackageLoader": {"executed_lines": [], "summary": {"covered_lines": 0, "num_statements": 23, "percent_covered": 0.0, "percent_covered_display": "0", "missing_lines": 23, "excluded_lines": 2}, "missing_lines": [39, 40, 41, 56, 58, 59, 60, 61, 62, 64, 70, 72, 84, 90, 105, 107, 108, 109, 112, 121, 136, 139, 151], "excluded_lines": [110, 137]}, "": {"executed_lines": [], "summary": {"covered_lines": 0, "num_statements": 13, "percent_covered": 0.0, "percent_covered_display": "0", "missing_lines": 13, "excluded_lines": 0}, "missing_lines": [7, 8, 9, 10, 12, 15, 31, 43, 74, 92, 114, 123, 141], "excluded_lines": []}}}, "src/augment_adam/utils/templates/renderers/__init__.py": {"executed_lines": [], "summary": {"covered_lines": 0, "num_statements": 4, "percent_covered": 0.0, "percent_covered_display": "0", "missing_lines": 4, "excluded_lines": 0}, "missing_lines": [8, 9, 10, 12], "excluded_lines": [], "functions": {"": {"executed_lines": [], "summary": {"covered_lines": 0, "num_statements": 4, "percent_covered": 0.0, "percent_covered_display": "0", "missing_lines": 4, "excluded_lines": 0}, "missing_lines": [8, 9, 10, 12], "excluded_lines": []}}, "classes": {"": {"executed_lines": [], "summary": {"covered_lines": 0, "num_statements": 4, "percent_covered": 0.0, "percent_covered_display": "0", "missing_lines": 4, "excluded_lines": 0}, "missing_lines": [8, 9, 10, 12], "excluded_lines": []}}}, "src/augment_adam/utils/templates/renderers/code.py": {"executed_lines": [], "summary": {"covered_lines": 0, "num_statements": 29, "percent_covered": 0.0, "percent_covered_display": "0", "missing_lines": 29, "excluded_lines": 0}, "missing_lines": [7, 9, 10, 13, 27, 34, 35, 36, 38, 40, 51, 53, 64, 66, 77, 79, 90, 92, 103, 105, 116, 118, 129, 131, 141, 143, 153, 155, 165], "excluded_lines": [], "functions": {"CodeRenderer.__init__": {"executed_lines": [], "summary": {"covered_lines": 0, "num_statements": 4, "percent_covered": 0.0, "percent_covered_display": "0", "missing_lines": 4, "excluded_lines": 0}, "missing_lines": [34, 35, 36, 38], "excluded_lines": []}, "CodeRenderer.render_python": {"executed_lines": [], "summary": {"covered_lines": 0, "num_statements": 1, "percent_covered": 0.0, "percent_covered_display": "0", "missing_lines": 1, "excluded_lines": 0}, "missing_lines": [51], "excluded_lines": []}, "CodeRenderer.render_javascript": {"executed_lines": [], "summary": {"covered_lines": 0, "num_statements": 1, "percent_covered": 0.0, "percent_covered_display": "0", "missing_lines": 1, "excluded_lines": 0}, "missing_lines": [64], "excluded_lines": []}, "CodeRenderer.render_html": {"executed_lines": [], "summary": {"covered_lines": 0, "num_statements": 1, "percent_covered": 0.0, "percent_covered_display": "0", "missing_lines": 1, "excluded_lines": 0}, "missing_lines": [77], "excluded_lines": []}, "CodeRenderer.render_css": {"executed_lines": [], "summary": {"covered_lines": 0, "num_statements": 1, "percent_covered": 0.0, "percent_covered_display": "0", "missing_lines": 1, "excluded_lines": 0}, "missing_lines": [90], "excluded_lines": []}, "CodeRenderer.render_sql": {"executed_lines": [], "summary": {"covered_lines": 0, "num_statements": 1, "percent_covered": 0.0, "percent_covered_display": "0", "missing_lines": 1, "excluded_lines": 0}, "missing_lines": [103], "excluded_lines": []}, "CodeRenderer.render_yaml": {"executed_lines": [], "summary": {"covered_lines": 0, "num_statements": 1, "percent_covered": 0.0, "percent_covered_display": "0", "missing_lines": 1, "excluded_lines": 0}, "missing_lines": [116], "excluded_lines": []}, "CodeRenderer.render_json": {"executed_lines": [], "summary": {"covered_lines": 0, "num_statements": 1, "percent_covered": 0.0, "percent_covered_display": "0", "missing_lines": 1, "excluded_lines": 0}, "missing_lines": [129], "excluded_lines": []}, "CodeRenderer.render_class": {"executed_lines": [], "summary": {"covered_lines": 0, "num_statements": 1, "percent_covered": 0.0, "percent_covered_display": "0", "missing_lines": 1, "excluded_lines": 0}, "missing_lines": [141], "excluded_lines": []}, "CodeRenderer.render_function": {"executed_lines": [], "summary": {"covered_lines": 0, "num_statements": 1, "percent_covered": 0.0, "percent_covered_display": "0", "missing_lines": 1, "excluded_lines": 0}, "missing_lines": [153], "excluded_lines": []}, "CodeRenderer.render_module": {"executed_lines": [], "summary": {"covered_lines": 0, "num_statements": 1, "percent_covered": 0.0, "percent_covered_display": "0", "missing_lines": 1, "excluded_lines": 0}, "missing_lines": [165], "excluded_lines": []}, "": {"executed_lines": [], "summary": {"covered_lines": 0, "num_statements": 15, "percent_covered": 0.0, "percent_covered_display": "0", "missing_lines": 15, "excluded_lines": 0}, "missing_lines": [7, 9, 10, 13, 27, 40, 53, 66, 79, 92, 105, 118, 131, 143, 155], "excluded_lines": []}}, "classes": {"CodeRenderer": {"executed_lines": [], "summary": {"covered_lines": 0, "num_statements": 14, "percent_covered": 0.0, "percent_covered_display": "0", "missing_lines": 14, "excluded_lines": 0}, "missing_lines": [34, 35, 36, 38, 51, 64, 77, 90, 103, 116, 129, 141, 153, 165], "excluded_lines": []}, "": {"executed_lines": [], "summary": {"covered_lines": 0, "num_statements": 15, "percent_covered": 0.0, "percent_covered_display": "0", "missing_lines": 15, "excluded_lines": 0}, "missing_lines": [7, 9, 10, 13, 27, 40, 53, 66, 79, 92, 105, 118, 131, 143, 155], "excluded_lines": []}}}, "src/augment_adam/utils/templates/renderers/doc.py": {"executed_lines": [], "summary": {"covered_lines": 0, "num_statements": 23, "percent_covered": 0.0, "percent_covered_display": "0", "missing_lines": 23, "excluded_lines": 0}, "missing_lines": [7, 9, 10, 13, 27, 34, 35, 36, 38, 40, 51, 53, 64, 66, 77, 79, 89, 91, 101, 103, 113, 115, 125], "excluded_lines": [], "functions": {"DocRenderer.__init__": {"executed_lines": [], "summary": {"covered_lines": 0, "num_statements": 4, "percent_covered": 0.0, "percent_covered_display": "0", "missing_lines": 4, "excluded_lines": 0}, "missing_lines": [34, 35, 36, 38], "excluded_lines": []}, "DocRenderer.render_markdown": {"executed_lines": [], "summary": {"covered_lines": 0, "num_statements": 1, "percent_covered": 0.0, "percent_covered_display": "0", "missing_lines": 1, "excluded_lines": 0}, "missing_lines": [51], "excluded_lines": []}, "DocRenderer.render_rst": {"executed_lines": [], "summary": {"covered_lines": 0, "num_statements": 1, "percent_covered": 0.0, "percent_covered_display": "0", "missing_lines": 1, "excluded_lines": 0}, "missing_lines": [64], "excluded_lines": []}, "DocRenderer.render_html_doc": {"executed_lines": [], "summary": {"covered_lines": 0, "num_statements": 1, "percent_covered": 0.0, "percent_covered_display": "0", "missing_lines": 1, "excluded_lines": 0}, "missing_lines": [77], "excluded_lines": []}, "DocRenderer.render_readme": {"executed_lines": [], "summary": {"covered_lines": 0, "num_statements": 1, "percent_covered": 0.0, "percent_covered_display": "0", "missing_lines": 1, "excluded_lines": 0}, "missing_lines": [89], "excluded_lines": []}, "DocRenderer.render_api_doc": {"executed_lines": [], "summary": {"covered_lines": 0, "num_statements": 1, "percent_covered": 0.0, "percent_covered_display": "0", "missing_lines": 1, "excluded_lines": 0}, "missing_lines": [101], "excluded_lines": []}, "DocRenderer.render_user_guide": {"executed_lines": [], "summary": {"covered_lines": 0, "num_statements": 1, "percent_covered": 0.0, "percent_covered_display": "0", "missing_lines": 1, "excluded_lines": 0}, "missing_lines": [113], "excluded_lines": []}, "DocRenderer.render_developer_guide": {"executed_lines": [], "summary": {"covered_lines": 0, "num_statements": 1, "percent_covered": 0.0, "percent_covered_display": "0", "missing_lines": 1, "excluded_lines": 0}, "missing_lines": [125], "excluded_lines": []}, "": {"executed_lines": [], "summary": {"covered_lines": 0, "num_statements": 12, "percent_covered": 0.0, "percent_covered_display": "0", "missing_lines": 12, "excluded_lines": 0}, "missing_lines": [7, 9, 10, 13, 27, 40, 53, 66, 79, 91, 103, 115], "excluded_lines": []}}, "classes": {"DocRenderer": {"executed_lines": [], "summary": {"covered_lines": 0, "num_statements": 11, "percent_covered": 0.0, "percent_covered_display": "0", "missing_lines": 11, "excluded_lines": 0}, "missing_lines": [34, 35, 36, 38, 51, 64, 77, 89, 101, 113, 125], "excluded_lines": []}, "": {"executed_lines": [], "summary": {"covered_lines": 0, "num_statements": 12, "percent_covered": 0.0, "percent_covered_display": "0", "missing_lines": 12, "excluded_lines": 0}, "missing_lines": [7, 9, 10, 13, 27, 40, 53, 66, 79, 91, 103, 115], "excluded_lines": []}}}, "src/augment_adam/utils/templates/renderers/test.py": {"executed_lines": [], "summary": {"covered_lines": 0, "num_statements": 21, "percent_covered": 0.0, "percent_covered_display": "0", "missing_lines": 21, "excluded_lines": 0}, "missing_lines": [7, 9, 10, 13, 27, 34, 35, 36, 38, 40, 51, 53, 64, 66, 77, 79, 89, 91, 101, 103, 113], "excluded_lines": [], "functions": {"TestRenderer.__init__": {"executed_lines": [], "summary": {"covered_lines": 0, "num_statements": 4, "percent_covered": 0.0, "percent_covered_display": "0", "missing_lines": 4, "excluded_lines": 0}, "missing_lines": [34, 35, 36, 38], "excluded_lines": []}, "TestRenderer.render_unit_test": {"executed_lines": [], "summary": {"covered_lines": 0, "num_statements": 1, "percent_covered": 0.0, "percent_covered_display": "0", "missing_lines": 1, "excluded_lines": 0}, "missing_lines": [51], "excluded_lines": []}, "TestRenderer.render_integration_test": {"executed_lines": [], "summary": {"covered_lines": 0, "num_statements": 1, "percent_covered": 0.0, "percent_covered_display": "0", "missing_lines": 1, "excluded_lines": 0}, "missing_lines": [64], "excluded_lines": []}, "TestRenderer.render_e2e_test": {"executed_lines": [], "summary": {"covered_lines": 0, "num_statements": 1, "percent_covered": 0.0, "percent_covered_display": "0", "missing_lines": 1, "excluded_lines": 0}, "missing_lines": [77], "excluded_lines": []}, "TestRenderer.render_class_test": {"executed_lines": [], "summary": {"covered_lines": 0, "num_statements": 1, "percent_covered": 0.0, "percent_covered_display": "0", "missing_lines": 1, "excluded_lines": 0}, "missing_lines": [89], "excluded_lines": []}, "TestRenderer.render_function_test": {"executed_lines": [], "summary": {"covered_lines": 0, "num_statements": 1, "percent_covered": 0.0, "percent_covered_display": "0", "missing_lines": 1, "excluded_lines": 0}, "missing_lines": [101], "excluded_lines": []}, "TestRenderer.render_module_test": {"executed_lines": [], "summary": {"covered_lines": 0, "num_statements": 1, "percent_covered": 0.0, "percent_covered_display": "0", "missing_lines": 1, "excluded_lines": 0}, "missing_lines": [113], "excluded_lines": []}, "": {"executed_lines": [], "summary": {"covered_lines": 0, "num_statements": 11, "percent_covered": 0.0, "percent_covered_display": "0", "missing_lines": 11, "excluded_lines": 0}, "missing_lines": [7, 9, 10, 13, 27, 40, 53, 66, 79, 91, 103], "excluded_lines": []}}, "classes": {"TestRenderer": {"executed_lines": [], "summary": {"covered_lines": 0, "num_statements": 10, "percent_covered": 0.0, "percent_covered_display": "0", "missing_lines": 10, "excluded_lines": 0}, "missing_lines": [34, 35, 36, 38, 51, 64, 77, 89, 101, 113], "excluded_lines": []}, "": {"executed_lines": [], "summary": {"covered_lines": 0, "num_statements": 11, "percent_covered": 0.0, "percent_covered_display": "0", "missing_lines": 11, "excluded_lines": 0}, "missing_lines": [7, 9, 10, 13, 27, 40, 53, 66, 79, 91, 103], "excluded_lines": []}}}, "src/augment_adam/web/__init__.py": {"executed_lines": [], "summary": {"covered_lines": 0, "num_statements": 0, "percent_covered": 100.0, "percent_covered_display": "100", "missing_lines": 0, "excluded_lines": 0}, "missing_lines": [], "excluded_lines": [], "functions": {"": {"executed_lines": [], "summary": {"covered_lines": 0, "num_statements": 0, "percent_covered": 100.0, "percent_covered_display": "100", "missing_lines": 0, "excluded_lines": 0}, "missing_lines": [], "excluded_lines": []}}, "classes": {"": {"executed_lines": [], "summary": {"covered_lines": 0, "num_statements": 0, "percent_covered": 100.0, "percent_covered_display": "100", "missing_lines": 0, "excluded_lines": 0}, "missing_lines": [], "excluded_lines": []}}}}, "totals": {"covered_lines": 1262, "num_statements": 11678, "percent_covered": 10.80664497345436, "percent_covered_display": "11", "missing_lines": 10416, "excluded_lines": 215}}